<?xml version="1.0" encoding="UTF-8"?>
<TestRun id="296dd24f-a0a2-4b69-b978-8101c4a341c5" name="griddy@SKIM 2012-10-15 21:49:51" runUser="skim\griddy" xmlns="http://microsoft.com/schemas/VisualStudio/TeamTest/2010">
  <TestSettings name="Local" id="754dac9d-a171-4ffd-bfcc-06084ea7a650">
    <Description>These are default test settings for a local test run.</Description>
    <Deployment enabled="false" runDeploymentRoot="griddy_SKIM 2012-10-15 21_49_51">
      <DeploymentItem filename="C:\Users\griddy\Documents\Visual Studio 2010\CareersProject\DAL\DAL\bin\DAL.dll" />
    </Deployment>
    <Execution>
      <TestTypeSpecific />
      <AgentRule name="Execution Agents">
      </AgentRule>
    </Execution>
  </TestSettings>
  <Times creation="2012-10-15T21:49:51.8466805+02:00" queuing="2012-10-15T21:49:51.9046838+02:00" start="2012-10-15T21:49:51.9136843+02:00" finish="2012-10-15T21:50:16.3180801+02:00" />
  <ResultSummary outcome="Completed">
    <Counters total="17" executed="17" passed="17" error="0" failed="0" timeout="0" aborted="0" inconclusive="0" passedButRunAborted="0" notRunnable="0" notExecuted="0" disconnected="0" warning="0" completed="0" inProgress="0" pending="0" />
  </ResultSummary>
  <TestDefinitions>
    <UnitTest name="VacancyKillerQuestionDAOConstructorTest" storage="c:\users\griddy\documents\visual studio 2010\careersproject\testcases\bin\debug\testcases.dll" id="3febcfad-b820-50ff-42a7-2e98006a2a12">
      <Execution id="82ebfd76-20e2-4005-b79e-11589eb97d8d" />
      <TestMethod codeBase="C:/Users/griddy/Documents/Visual Studio 2010/CareersProject/TestCases/bin/Debug/TestCases.DLL" adapterTypeName="Microsoft.VisualStudio.TestTools.TestTypes.Unit.UnitTestAdapter, Microsoft.VisualStudio.QualityTools.Tips.UnitTest.Adapter, Version=10.0.0.0, Culture=neutral, PublicKeyToken=b03f5f7f11d50a3a" className="TestCases.VacancyKillerQuestionDAOTest, TestCases, Version=1.0.0.0, Culture=neutral, PublicKeyToken=null" name="VacancyKillerQuestionDAOConstructorTest" />
      <AspNet webSiteUrl="http://localhost:3534/">
        <Host pathToWebApp="%PathToWebRoot%\..\CareersProject\DAL\DAL" webAppRoot="/" />
      </AspNet>
    </UnitTest>
    <UnitTest name="ApplicationDAOConstructorTest" storage="c:\users\griddy\documents\visual studio 2010\careersproject\testcases\bin\debug\testcases.dll" id="cb602bfc-b894-a16e-d44a-c73f8789a62e">
      <Execution id="eff2b074-8377-48a8-8c59-8891d2b631c6" />
      <TestMethod codeBase="C:/Users/griddy/Documents/Visual Studio 2010/CareersProject/TestCases/bin/Debug/TestCases.DLL" adapterTypeName="Microsoft.VisualStudio.TestTools.TestTypes.Unit.UnitTestAdapter, Microsoft.VisualStudio.QualityTools.Tips.UnitTest.Adapter, Version=10.0.0.0, Culture=neutral, PublicKeyToken=b03f5f7f11d50a3a" className="TestCases.ApplicationDAOTest, TestCases, Version=1.0.0.0, Culture=neutral, PublicKeyToken=null" name="ApplicationDAOConstructorTest" />
      <AspNet webSiteUrl="http://localhost:3534/">
        <Host pathToWebApp="%PathToWebRoot%\..\CareersProject\DAL\DAL" webAppRoot="/" />
      </AspNet>
    </UnitTest>
    <UnitTest name="ContactInfoDAOConstructorTest" storage="c:\users\griddy\documents\visual studio 2010\careersproject\testcases\bin\debug\testcases.dll" id="ae3ff0e8-bb64-5264-a976-22bbdc3e81aa">
      <Execution id="2dc7735a-1b86-4806-afb5-6b0d3f7a9977" />
      <TestMethod codeBase="C:/Users/griddy/Documents/Visual Studio 2010/CareersProject/TestCases/bin/Debug/TestCases.DLL" adapterTypeName="Microsoft.VisualStudio.TestTools.TestTypes.Unit.UnitTestAdapter, Microsoft.VisualStudio.QualityTools.Tips.UnitTest.Adapter, Version=10.0.0.0, Culture=neutral, PublicKeyToken=b03f5f7f11d50a3a" className="TestCases.ContactInfoDAOTest, TestCases, Version=1.0.0.0, Culture=neutral, PublicKeyToken=null" name="ContactInfoDAOConstructorTest" />
      <AspNet webSiteUrl="http://localhost:3534/">
        <Host pathToWebApp="%PathToWebRoot%\..\CareersProject\DAL\DAL" webAppRoot="/" />
      </AspNet>
    </UnitTest>
    <UnitTest name="AddressDAOConstructorTest" storage="c:\users\griddy\documents\visual studio 2010\careersproject\testcases\bin\debug\testcases.dll" id="8296ca6f-80e4-d230-6b6d-24719d8e713a">
      <Execution id="a130efa1-1375-4032-9e3e-630b0bf18088" />
      <TestMethod codeBase="C:/Users/griddy/Documents/Visual Studio 2010/CareersProject/TestCases/bin/Debug/TestCases.DLL" adapterTypeName="Microsoft.VisualStudio.TestTools.TestTypes.Unit.UnitTestAdapter, Microsoft.VisualStudio.QualityTools.Tips.UnitTest.Adapter, Version=10.0.0.0, Culture=neutral, PublicKeyToken=b03f5f7f11d50a3a" className="TestCases.AddressDAOTest, TestCases, Version=1.0.0.0, Culture=neutral, PublicKeyToken=null" name="AddressDAOConstructorTest" />
      <AspNet webSiteUrl="http://localhost:3534/">
        <Host pathToWebApp="%PathToWebRoot%\..\CareersProject\DAL\DAL" webAppRoot="/" />
      </AspNet>
    </UnitTest>
    <UnitTest name="UserDAOConstructorTest" storage="c:\users\griddy\documents\visual studio 2010\careersproject\testcases\bin\debug\testcases.dll" id="061f4e50-6efb-79bd-61c1-8df6538e1bfc">
      <Execution id="c2041554-236a-4e2a-94ca-7889ff0ea8da" />
      <TestMethod codeBase="C:/Users/griddy/Documents/Visual Studio 2010/CareersProject/TestCases/bin/Debug/TestCases.DLL" adapterTypeName="Microsoft.VisualStudio.TestTools.TestTypes.Unit.UnitTestAdapter, Microsoft.VisualStudio.QualityTools.Tips.UnitTest.Adapter, Version=10.0.0.0, Culture=neutral, PublicKeyToken=b03f5f7f11d50a3a" className="TestCases.UserDAOTest, TestCases, Version=1.0.0.0, Culture=neutral, PublicKeyToken=null" name="UserDAOConstructorTest" />
      <AspNet webSiteUrl="http://localhost:3534/">
        <Host pathToWebApp="%PathToWebRoot%\..\CareersProject\DAL\DAL" webAppRoot="/" />
      </AspNet>
    </UnitTest>
    <UnitTest name="VacancyDAOConstructorTest" storage="c:\users\griddy\documents\visual studio 2010\careersproject\testcases\bin\debug\testcases.dll" id="936e2ee4-1793-6bdd-fbf7-11479f4b344b">
      <Execution id="42a4eb49-509d-43ca-985c-a59f79368ff9" />
      <TestMethod codeBase="C:/Users/griddy/Documents/Visual Studio 2010/CareersProject/TestCases/bin/Debug/TestCases.DLL" adapterTypeName="Microsoft.VisualStudio.TestTools.TestTypes.Unit.UnitTestAdapter, Microsoft.VisualStudio.QualityTools.Tips.UnitTest.Adapter, Version=10.0.0.0, Culture=neutral, PublicKeyToken=b03f5f7f11d50a3a" className="TestCases.VacancyDAOTest, TestCases, Version=1.0.0.0, Culture=neutral, PublicKeyToken=null" name="VacancyDAOConstructorTest" />
      <AspNet webSiteUrl="http://localhost:3534/">
        <Host pathToWebApp="%PathToWebRoot%\..\CareersProject\DAL\DAL" webAppRoot="/" />
      </AspNet>
    </UnitTest>
    <UnitTest name="KeyWordDAOConstructorTest" storage="c:\users\griddy\documents\visual studio 2010\careersproject\testcases\bin\debug\testcases.dll" id="fc801932-ad80-9d42-ac0a-65f2da797308">
      <Execution id="5017de3c-bd30-466b-9d77-f5d548f9c4d1" />
      <TestMethod codeBase="C:/Users/griddy/Documents/Visual Studio 2010/CareersProject/TestCases/bin/Debug/TestCases.DLL" adapterTypeName="Microsoft.VisualStudio.TestTools.TestTypes.Unit.UnitTestAdapter, Microsoft.VisualStudio.QualityTools.Tips.UnitTest.Adapter, Version=10.0.0.0, Culture=neutral, PublicKeyToken=b03f5f7f11d50a3a" className="TestCases.KeyWordDAOTest, TestCases, Version=1.0.0.0, Culture=neutral, PublicKeyToken=null" name="KeyWordDAOConstructorTest" />
      <AspNet webSiteUrl="http://localhost:3534/">
        <Host pathToWebApp="%PathToWebRoot%\..\CareersProject\DAL\DAL" webAppRoot="/" />
      </AspNet>
    </UnitTest>
    <UnitTest name="InboxDAOConstructorTest" storage="c:\users\griddy\documents\visual studio 2010\careersproject\testcases\bin\debug\testcases.dll" id="52ade19f-d4f0-0bba-2925-9262045aae1f">
      <Execution id="4389a889-9f69-4e33-81b7-88af650f49a1" />
      <TestMethod codeBase="C:/Users/griddy/Documents/Visual Studio 2010/CareersProject/TestCases/bin/Debug/TestCases.DLL" adapterTypeName="Microsoft.VisualStudio.TestTools.TestTypes.Unit.UnitTestAdapter, Microsoft.VisualStudio.QualityTools.Tips.UnitTest.Adapter, Version=10.0.0.0, Culture=neutral, PublicKeyToken=b03f5f7f11d50a3a" className="TestCases.InboxDAOTest, TestCases, Version=1.0.0.0, Culture=neutral, PublicKeyToken=null" name="InboxDAOConstructorTest" />
      <AspNet webSiteUrl="http://localhost:3534/">
        <Host pathToWebApp="%PathToWebRoot%\..\CareersProject\DAL\DAL" webAppRoot="/" />
      </AspNet>
    </UnitTest>
    <UnitTest name="BasicEduSubjectDAOConstructorTest" storage="c:\users\griddy\documents\visual studio 2010\careersproject\testcases\bin\debug\testcases.dll" id="4588a81a-7911-ae84-bb3a-a0204bac7bae">
      <Execution id="f33edf34-9eca-4166-9235-463962c88114" />
      <TestMethod codeBase="C:/Users/griddy/Documents/Visual Studio 2010/CareersProject/TestCases/bin/Debug/TestCases.DLL" adapterTypeName="Microsoft.VisualStudio.TestTools.TestTypes.Unit.UnitTestAdapter, Microsoft.VisualStudio.QualityTools.Tips.UnitTest.Adapter, Version=10.0.0.0, Culture=neutral, PublicKeyToken=b03f5f7f11d50a3a" className="TestCases.BasicEduSubjectDAOTest, TestCases, Version=1.0.0.0, Culture=neutral, PublicKeyToken=null" name="BasicEduSubjectDAOConstructorTest" />
      <AspNet webSiteUrl="http://localhost:3534/">
        <Host pathToWebApp="%PathToWebRoot%\..\CareersProject\DAL\DAL" webAppRoot="/" />
      </AspNet>
    </UnitTest>
    <UnitTest name="LicenseDAOConstructorTest" storage="c:\users\griddy\documents\visual studio 2010\careersproject\testcases\bin\debug\testcases.dll" id="a3262a21-4804-a2aa-4ef0-2f5dd856e6b6">
      <Execution id="32c01583-7c50-4d95-8fbd-c36851255770" />
      <TestMethod codeBase="C:/Users/griddy/Documents/Visual Studio 2010/CareersProject/TestCases/bin/Debug/TestCases.DLL" adapterTypeName="Microsoft.VisualStudio.TestTools.TestTypes.Unit.UnitTestAdapter, Microsoft.VisualStudio.QualityTools.Tips.UnitTest.Adapter, Version=10.0.0.0, Culture=neutral, PublicKeyToken=b03f5f7f11d50a3a" className="TestCases.LicenseDAOTest, TestCases, Version=1.0.0.0, Culture=neutral, PublicKeyToken=null" name="LicenseDAOConstructorTest" />
      <AspNet webSiteUrl="http://localhost:3534/">
        <Host pathToWebApp="%PathToWebRoot%\..\CareersProject\DAL\DAL" webAppRoot="/" />
      </AspNet>
    </UnitTest>
    <UnitTest name="HigherEducationDAOConstructorTest" storage="c:\users\griddy\documents\visual studio 2010\careersproject\testcases\bin\debug\testcases.dll" id="920fd339-3c76-e786-9d23-6870fe085554">
      <Execution id="310aa8c1-62dc-425d-b31a-438ab11f3b74" />
      <TestMethod codeBase="C:/Users/griddy/Documents/Visual Studio 2010/CareersProject/TestCases/bin/Debug/TestCases.DLL" adapterTypeName="Microsoft.VisualStudio.TestTools.TestTypes.Unit.UnitTestAdapter, Microsoft.VisualStudio.QualityTools.Tips.UnitTest.Adapter, Version=10.0.0.0, Culture=neutral, PublicKeyToken=b03f5f7f11d50a3a" className="TestCases.HigherEducationDAOTest, TestCases, Version=1.0.0.0, Culture=neutral, PublicKeyToken=null" name="HigherEducationDAOConstructorTest" />
      <AspNet webSiteUrl="http://localhost:3534/">
        <Host pathToWebApp="%PathToWebRoot%\..\CareersProject\DAL\DAL" webAppRoot="/" />
      </AspNet>
    </UnitTest>
    <UnitTest name="SupportDocDAOConstructorTest" storage="c:\users\griddy\documents\visual studio 2010\careersproject\testcases\bin\debug\testcases.dll" id="bf478dc6-3e8d-c2a8-0e8a-a118795f7c05">
      <Execution id="5d731f23-2a3d-4503-bc27-a8a1e1de8281" />
      <TestMethod codeBase="C:/Users/griddy/Documents/Visual Studio 2010/CareersProject/TestCases/bin/Debug/TestCases.DLL" adapterTypeName="Microsoft.VisualStudio.TestTools.TestTypes.Unit.UnitTestAdapter, Microsoft.VisualStudio.QualityTools.Tips.UnitTest.Adapter, Version=10.0.0.0, Culture=neutral, PublicKeyToken=b03f5f7f11d50a3a" className="TestCases.SupportDocDAOTest, TestCases, Version=1.0.0.0, Culture=neutral, PublicKeyToken=null" name="SupportDocDAOConstructorTest" />
      <AspNet webSiteUrl="http://localhost:3534/">
        <Host pathToWebApp="%PathToWebRoot%\..\CareersProject\DAL\DAL" webAppRoot="/" />
      </AspNet>
    </UnitTest>
    <UnitTest name="DisabilityDAOConstructorTest" storage="c:\users\griddy\documents\visual studio 2010\careersproject\testcases\bin\debug\testcases.dll" id="a7a67b55-026d-7fae-3532-59ae01cadc54">
      <Execution id="7bf04a63-f228-4320-a223-cdca6ca9fa4b" />
      <TestMethod codeBase="C:/Users/griddy/Documents/Visual Studio 2010/CareersProject/TestCases/bin/Debug/TestCases.DLL" adapterTypeName="Microsoft.VisualStudio.TestTools.TestTypes.Unit.UnitTestAdapter, Microsoft.VisualStudio.QualityTools.Tips.UnitTest.Adapter, Version=10.0.0.0, Culture=neutral, PublicKeyToken=b03f5f7f11d50a3a" className="TestCases.DisabilityDAOTest, TestCases, Version=1.0.0.0, Culture=neutral, PublicKeyToken=null" name="DisabilityDAOConstructorTest" />
      <AspNet webSiteUrl="http://localhost:3534/">
        <Host pathToWebApp="%PathToWebRoot%\..\CareersProject\DAL\DAL" webAppRoot="/" />
      </AspNet>
    </UnitTest>
    <UnitTest name="AccountDAOConstructorTest" storage="c:\users\griddy\documents\visual studio 2010\careersproject\testcases\bin\debug\testcases.dll" id="801a05f5-3864-fa5f-4bfd-17c2d5b5c07a">
      <Execution id="49d7532f-debe-4b7b-bef3-f86f4ebdc717" />
      <TestMethod codeBase="C:/Users/griddy/Documents/Visual Studio 2010/CareersProject/TestCases/bin/Debug/TestCases.DLL" adapterTypeName="Microsoft.VisualStudio.TestTools.TestTypes.Unit.UnitTestAdapter, Microsoft.VisualStudio.QualityTools.Tips.UnitTest.Adapter, Version=10.0.0.0, Culture=neutral, PublicKeyToken=b03f5f7f11d50a3a" className="TestCases.AccountDAOTest, TestCases, Version=1.0.0.0, Culture=neutral, PublicKeyToken=null" name="AccountDAOConstructorTest" />
      <AspNet webSiteUrl="http://localhost:3534/">
        <Host pathToWebApp="%PathToWebRoot%\..\CareersProject\DAL\DAL" webAppRoot="/" />
      </AspNet>
    </UnitTest>
    <UnitTest name="LanguageDAOConstructorTest" storage="c:\users\griddy\documents\visual studio 2010\careersproject\testcases\bin\debug\testcases.dll" id="d0654bd4-fcbb-1d9a-33ca-ef8fb270654f">
      <Execution id="a99732cd-66ba-4806-8683-50d5829977f9" />
      <TestMethod codeBase="C:/Users/griddy/Documents/Visual Studio 2010/CareersProject/TestCases/bin/Debug/TestCases.DLL" adapterTypeName="Microsoft.VisualStudio.TestTools.TestTypes.Unit.UnitTestAdapter, Microsoft.VisualStudio.QualityTools.Tips.UnitTest.Adapter, Version=10.0.0.0, Culture=neutral, PublicKeyToken=b03f5f7f11d50a3a" className="TestCases.LanguageDAOTest, TestCases, Version=1.0.0.0, Culture=neutral, PublicKeyToken=null" name="LanguageDAOConstructorTest" />
      <AspNet webSiteUrl="http://localhost:3534/">
        <Host pathToWebApp="%PathToWebRoot%\..\CareersProject\DAL\DAL" webAppRoot="/" />
      </AspNet>
    </UnitTest>
    <UnitTest name="BasicEduDAOConstructorTest" storage="c:\users\griddy\documents\visual studio 2010\careersproject\testcases\bin\debug\testcases.dll" id="a05d6b3b-b351-72cb-6f32-2c24f4df40f8">
      <Execution id="6d98b1be-0a81-4943-86c6-f45d6e29a976" />
      <TestMethod codeBase="C:/Users/griddy/Documents/Visual Studio 2010/CareersProject/TestCases/bin/Debug/TestCases.DLL" adapterTypeName="Microsoft.VisualStudio.TestTools.TestTypes.Unit.UnitTestAdapter, Microsoft.VisualStudio.QualityTools.Tips.UnitTest.Adapter, Version=10.0.0.0, Culture=neutral, PublicKeyToken=b03f5f7f11d50a3a" className="TestCases.BasicEduDAOTest, TestCases, Version=1.0.0.0, Culture=neutral, PublicKeyToken=null" name="BasicEduDAOConstructorTest" />
      <AspNet webSiteUrl="http://localhost:3534/">
        <Host pathToWebApp="%PathToWebRoot%\..\CareersProject\DAL\DAL" webAppRoot="/" />
      </AspNet>
    </UnitTest>
    <UnitTest name="EmploymentDAOConstructorTest" storage="c:\users\griddy\documents\visual studio 2010\careersproject\testcases\bin\debug\testcases.dll" id="34819300-cfa1-046a-c70c-c0b8c29d239b">
      <Execution id="d78707e4-17a9-4057-8b02-b935fdc1957c" />
      <TestMethod codeBase="C:/Users/griddy/Documents/Visual Studio 2010/CareersProject/TestCases/bin/Debug/TestCases.DLL" adapterTypeName="Microsoft.VisualStudio.TestTools.TestTypes.Unit.UnitTestAdapter, Microsoft.VisualStudio.QualityTools.Tips.UnitTest.Adapter, Version=10.0.0.0, Culture=neutral, PublicKeyToken=b03f5f7f11d50a3a" className="TestCases.EmploymentDAOTest, TestCases, Version=1.0.0.0, Culture=neutral, PublicKeyToken=null" name="EmploymentDAOConstructorTest" />
      <AspNet webSiteUrl="http://localhost:3534/">
        <Host pathToWebApp="%PathToWebRoot%\..\CareersProject\DAL\DAL" webAppRoot="/" />
      </AspNet>
    </UnitTest>
  </TestDefinitions>
  <TestLists>
    <TestList name="Results Not in a List" id="8c84fa94-04c1-424b-9868-57a2d4851a1d" />
    <TestList name="All Loaded Results" id="19431567-8539-422a-85d7-44ee4e166bda" />
  </TestLists>
  <TestEntries>
    <TestEntry testId="061f4e50-6efb-79bd-61c1-8df6538e1bfc" executionId="c2041554-236a-4e2a-94ca-7889ff0ea8da" testListId="8c84fa94-04c1-424b-9868-57a2d4851a1d" />
    <TestEntry testId="34819300-cfa1-046a-c70c-c0b8c29d239b" executionId="d78707e4-17a9-4057-8b02-b935fdc1957c" testListId="8c84fa94-04c1-424b-9868-57a2d4851a1d" />
    <TestEntry testId="3febcfad-b820-50ff-42a7-2e98006a2a12" executionId="82ebfd76-20e2-4005-b79e-11589eb97d8d" testListId="8c84fa94-04c1-424b-9868-57a2d4851a1d" />
    <TestEntry testId="4588a81a-7911-ae84-bb3a-a0204bac7bae" executionId="f33edf34-9eca-4166-9235-463962c88114" testListId="8c84fa94-04c1-424b-9868-57a2d4851a1d" />
    <TestEntry testId="52ade19f-d4f0-0bba-2925-9262045aae1f" executionId="4389a889-9f69-4e33-81b7-88af650f49a1" testListId="8c84fa94-04c1-424b-9868-57a2d4851a1d" />
    <TestEntry testId="801a05f5-3864-fa5f-4bfd-17c2d5b5c07a" executionId="49d7532f-debe-4b7b-bef3-f86f4ebdc717" testListId="8c84fa94-04c1-424b-9868-57a2d4851a1d" />
    <TestEntry testId="8296ca6f-80e4-d230-6b6d-24719d8e713a" executionId="a130efa1-1375-4032-9e3e-630b0bf18088" testListId="8c84fa94-04c1-424b-9868-57a2d4851a1d" />
    <TestEntry testId="920fd339-3c76-e786-9d23-6870fe085554" executionId="310aa8c1-62dc-425d-b31a-438ab11f3b74" testListId="8c84fa94-04c1-424b-9868-57a2d4851a1d" />
    <TestEntry testId="936e2ee4-1793-6bdd-fbf7-11479f4b344b" executionId="42a4eb49-509d-43ca-985c-a59f79368ff9" testListId="8c84fa94-04c1-424b-9868-57a2d4851a1d" />
    <TestEntry testId="a05d6b3b-b351-72cb-6f32-2c24f4df40f8" executionId="6d98b1be-0a81-4943-86c6-f45d6e29a976" testListId="8c84fa94-04c1-424b-9868-57a2d4851a1d" />
    <TestEntry testId="a3262a21-4804-a2aa-4ef0-2f5dd856e6b6" executionId="32c01583-7c50-4d95-8fbd-c36851255770" testListId="8c84fa94-04c1-424b-9868-57a2d4851a1d" />
    <TestEntry testId="a7a67b55-026d-7fae-3532-59ae01cadc54" executionId="7bf04a63-f228-4320-a223-cdca6ca9fa4b" testListId="8c84fa94-04c1-424b-9868-57a2d4851a1d" />
    <TestEntry testId="ae3ff0e8-bb64-5264-a976-22bbdc3e81aa" executionId="2dc7735a-1b86-4806-afb5-6b0d3f7a9977" testListId="8c84fa94-04c1-424b-9868-57a2d4851a1d" />
    <TestEntry testId="bf478dc6-3e8d-c2a8-0e8a-a118795f7c05" executionId="5d731f23-2a3d-4503-bc27-a8a1e1de8281" testListId="8c84fa94-04c1-424b-9868-57a2d4851a1d" />
    <TestEntry testId="cb602bfc-b894-a16e-d44a-c73f8789a62e" executionId="eff2b074-8377-48a8-8c59-8891d2b631c6" testListId="8c84fa94-04c1-424b-9868-57a2d4851a1d" />
    <TestEntry testId="d0654bd4-fcbb-1d9a-33ca-ef8fb270654f" executionId="a99732cd-66ba-4806-8683-50d5829977f9" testListId="8c84fa94-04c1-424b-9868-57a2d4851a1d" />
    <TestEntry testId="fc801932-ad80-9d42-ac0a-65f2da797308" executionId="5017de3c-bd30-466b-9d77-f5d548f9c4d1" testListId="8c84fa94-04c1-424b-9868-57a2d4851a1d" />
  </TestEntries>
  <Results>
    <UnitTestResult executionId="c2041554-236a-4e2a-94ca-7889ff0ea8da" testId="061f4e50-6efb-79bd-61c1-8df6538e1bfc" testName="UserDAOConstructorTest" computerName="SKIM" duration="00:00:00.0443455" startTime="2012-10-15T21:49:51.9176845+02:00" endTime="2012-10-15T21:50:13.4369153+02:00" testType="13cdc9d9-ddb5-4fa4-a97d-d965ccfc6d4b" outcome="Passed" testListId="8c84fa94-04c1-424b-9868-57a2d4851a1d" relativeResultsDirectory="c2041554-236a-4e2a-94ca-7889ff0ea8da">
    </UnitTestResult>
    <UnitTestResult executionId="d78707e4-17a9-4057-8b02-b935fdc1957c" testId="34819300-cfa1-046a-c70c-c0b8c29d239b" testName="EmploymentDAOConstructorTest" computerName="SKIM" duration="00:00:01.2422620" startTime="2012-10-15T21:50:13.4379154+02:00" endTime="2012-10-15T21:50:15.3360240+02:00" testType="13cdc9d9-ddb5-4fa4-a97d-d965ccfc6d4b" outcome="Passed" testListId="8c84fa94-04c1-424b-9868-57a2d4851a1d" relativeResultsDirectory="d78707e4-17a9-4057-8b02-b935fdc1957c">
    </UnitTestResult>
    <UnitTestResult executionId="82ebfd76-20e2-4005-b79e-11589eb97d8d" testId="3febcfad-b820-50ff-42a7-2e98006a2a12" testName="VacancyKillerQuestionDAOConstructorTest" computerName="SKIM" duration="00:00:00.0095384" startTime="2012-10-15T21:50:15.3370240+02:00" endTime="2012-10-15T21:50:15.3910271+02:00" testType="13cdc9d9-ddb5-4fa4-a97d-d965ccfc6d4b" outcome="Passed" testListId="8c84fa94-04c1-424b-9868-57a2d4851a1d" relativeResultsDirectory="82ebfd76-20e2-4005-b79e-11589eb97d8d">
    </UnitTestResult>
    <UnitTestResult executionId="f33edf34-9eca-4166-9235-463962c88114" testId="4588a81a-7911-ae84-bb3a-a0204bac7bae" testName="BasicEduSubjectDAOConstructorTest" computerName="SKIM" duration="00:00:00.0115019" startTime="2012-10-15T21:50:15.3930272+02:00" endTime="2012-10-15T21:50:15.4490304+02:00" testType="13cdc9d9-ddb5-4fa4-a97d-d965ccfc6d4b" outcome="Passed" testListId="8c84fa94-04c1-424b-9868-57a2d4851a1d" relativeResultsDirectory="f33edf34-9eca-4166-9235-463962c88114">
    </UnitTestResult>
    <UnitTestResult executionId="4389a889-9f69-4e33-81b7-88af650f49a1" testId="52ade19f-d4f0-0bba-2925-9262045aae1f" testName="InboxDAOConstructorTest" computerName="SKIM" duration="00:00:00.0141110" startTime="2012-10-15T21:50:15.4500305+02:00" endTime="2012-10-15T21:50:15.5100339+02:00" testType="13cdc9d9-ddb5-4fa4-a97d-d965ccfc6d4b" outcome="Passed" testListId="8c84fa94-04c1-424b-9868-57a2d4851a1d" relativeResultsDirectory="4389a889-9f69-4e33-81b7-88af650f49a1">
    </UnitTestResult>
    <UnitTestResult executionId="49d7532f-debe-4b7b-bef3-f86f4ebdc717" testId="801a05f5-3864-fa5f-4bfd-17c2d5b5c07a" testName="AccountDAOConstructorTest" computerName="SKIM" duration="00:00:00.0074546" startTime="2012-10-15T21:50:15.5110340+02:00" endTime="2012-10-15T21:50:15.5640370+02:00" testType="13cdc9d9-ddb5-4fa4-a97d-d965ccfc6d4b" outcome="Passed" testListId="8c84fa94-04c1-424b-9868-57a2d4851a1d" relativeResultsDirectory="49d7532f-debe-4b7b-bef3-f86f4ebdc717">
    </UnitTestResult>
    <UnitTestResult executionId="a130efa1-1375-4032-9e3e-630b0bf18088" testId="8296ca6f-80e4-d230-6b6d-24719d8e713a" testName="AddressDAOConstructorTest" computerName="SKIM" duration="00:00:00.0087318" startTime="2012-10-15T21:50:15.5650371+02:00" endTime="2012-10-15T21:50:15.6190402+02:00" testType="13cdc9d9-ddb5-4fa4-a97d-d965ccfc6d4b" outcome="Passed" testListId="8c84fa94-04c1-424b-9868-57a2d4851a1d" relativeResultsDirectory="a130efa1-1375-4032-9e3e-630b0bf18088">
    </UnitTestResult>
    <UnitTestResult executionId="310aa8c1-62dc-425d-b31a-438ab11f3b74" testId="920fd339-3c76-e786-9d23-6870fe085554" testName="HigherEducationDAOConstructorTest" computerName="SKIM" duration="00:00:00.0093079" startTime="2012-10-15T21:50:15.6200402+02:00" endTime="2012-10-15T21:50:15.6750434+02:00" testType="13cdc9d9-ddb5-4fa4-a97d-d965ccfc6d4b" outcome="Passed" testListId="8c84fa94-04c1-424b-9868-57a2d4851a1d" relativeResultsDirectory="310aa8c1-62dc-425d-b31a-438ab11f3b74">
    </UnitTestResult>
    <UnitTestResult executionId="42a4eb49-509d-43ca-985c-a59f79368ff9" testId="936e2ee4-1793-6bdd-fbf7-11479f4b344b" testName="VacancyDAOConstructorTest" computerName="SKIM" duration="00:00:00.0034334" startTime="2012-10-15T21:50:15.6760434+02:00" endTime="2012-10-15T21:50:15.7230461+02:00" testType="13cdc9d9-ddb5-4fa4-a97d-d965ccfc6d4b" outcome="Passed" testListId="8c84fa94-04c1-424b-9868-57a2d4851a1d" relativeResultsDirectory="42a4eb49-509d-43ca-985c-a59f79368ff9">
    </UnitTestResult>
    <UnitTestResult executionId="6d98b1be-0a81-4943-86c6-f45d6e29a976" testId="a05d6b3b-b351-72cb-6f32-2c24f4df40f8" testName="BasicEduDAOConstructorTest" computerName="SKIM" duration="00:00:00.0057122" startTime="2012-10-15T21:50:15.7240462+02:00" endTime="2012-10-15T21:50:15.7740490+02:00" testType="13cdc9d9-ddb5-4fa4-a97d-d965ccfc6d4b" outcome="Passed" testListId="8c84fa94-04c1-424b-9868-57a2d4851a1d" relativeResultsDirectory="6d98b1be-0a81-4943-86c6-f45d6e29a976">
    </UnitTestResult>
    <UnitTestResult executionId="32c01583-7c50-4d95-8fbd-c36851255770" testId="a3262a21-4804-a2aa-4ef0-2f5dd856e6b6" testName="LicenseDAOConstructorTest" computerName="SKIM" duration="00:00:00.0063452" startTime="2012-10-15T21:50:15.7750491+02:00" endTime="2012-10-15T21:50:15.8250519+02:00" testType="13cdc9d9-ddb5-4fa4-a97d-d965ccfc6d4b" outcome="Passed" testListId="8c84fa94-04c1-424b-9868-57a2d4851a1d" relativeResultsDirectory="32c01583-7c50-4d95-8fbd-c36851255770">
    </UnitTestResult>
    <UnitTestResult executionId="7bf04a63-f228-4320-a223-cdca6ca9fa4b" testId="a7a67b55-026d-7fae-3532-59ae01cadc54" testName="DisabilityDAOConstructorTest" computerName="SKIM" duration="00:00:00.0080050" startTime="2012-10-15T21:50:15.8260520+02:00" endTime="2012-10-15T21:50:15.8780550+02:00" testType="13cdc9d9-ddb5-4fa4-a97d-d965ccfc6d4b" outcome="Passed" testListId="8c84fa94-04c1-424b-9868-57a2d4851a1d" relativeResultsDirectory="7bf04a63-f228-4320-a223-cdca6ca9fa4b">
    </UnitTestResult>
    <UnitTestResult executionId="2dc7735a-1b86-4806-afb5-6b0d3f7a9977" testId="ae3ff0e8-bb64-5264-a976-22bbdc3e81aa" testName="ContactInfoDAOConstructorTest" computerName="SKIM" duration="00:00:00.0091106" startTime="2012-10-15T21:50:15.8790550+02:00" endTime="2012-10-15T21:50:15.9330581+02:00" testType="13cdc9d9-ddb5-4fa4-a97d-d965ccfc6d4b" outcome="Passed" testListId="8c84fa94-04c1-424b-9868-57a2d4851a1d" relativeResultsDirectory="2dc7735a-1b86-4806-afb5-6b0d3f7a9977">
    </UnitTestResult>
    <UnitTestResult executionId="5d731f23-2a3d-4503-bc27-a8a1e1de8281" testId="bf478dc6-3e8d-c2a8-0e8a-a118795f7c05" testName="SupportDocDAOConstructorTest" computerName="SKIM" duration="00:00:00.0260244" startTime="2012-10-15T21:50:15.9340582+02:00" endTime="2012-10-15T21:50:16.0040622+02:00" testType="13cdc9d9-ddb5-4fa4-a97d-d965ccfc6d4b" outcome="Passed" testListId="8c84fa94-04c1-424b-9868-57a2d4851a1d" relativeResultsDirectory="5d731f23-2a3d-4503-bc27-a8a1e1de8281">
    </UnitTestResult>
    <UnitTestResult executionId="eff2b074-8377-48a8-8c59-8891d2b631c6" testId="cb602bfc-b894-a16e-d44a-c73f8789a62e" testName="ApplicationDAOConstructorTest" computerName="SKIM" duration="00:00:00.0129545" startTime="2012-10-15T21:50:16.0050622+02:00" endTime="2012-10-15T21:50:16.0620655+02:00" testType="13cdc9d9-ddb5-4fa4-a97d-d965ccfc6d4b" outcome="Passed" testListId="8c84fa94-04c1-424b-9868-57a2d4851a1d" relativeResultsDirectory="eff2b074-8377-48a8-8c59-8891d2b631c6">
    </UnitTestResult>
    <UnitTestResult executionId="a99732cd-66ba-4806-8683-50d5829977f9" testId="d0654bd4-fcbb-1d9a-33ca-ef8fb270654f" testName="LanguageDAOConstructorTest" computerName="SKIM" duration="00:00:00.0109024" startTime="2012-10-15T21:50:16.0630655+02:00" endTime="2012-10-15T21:50:16.1170686+02:00" testType="13cdc9d9-ddb5-4fa4-a97d-d965ccfc6d4b" outcome="Passed" testListId="8c84fa94-04c1-424b-9868-57a2d4851a1d" relativeResultsDirectory="a99732cd-66ba-4806-8683-50d5829977f9">
    </UnitTestResult>
    <UnitTestResult executionId="5017de3c-bd30-466b-9d77-f5d548f9c4d1" testId="fc801932-ad80-9d42-ac0a-65f2da797308" testName="KeyWordDAOConstructorTest" computerName="SKIM" duration="00:00:00.0055321" startTime="2012-10-15T21:50:16.1180687+02:00" endTime="2012-10-15T21:50:16.1700717+02:00" testType="13cdc9d9-ddb5-4fa4-a97d-d965ccfc6d4b" outcome="Passed" testListId="8c84fa94-04c1-424b-9868-57a2d4851a1d" relativeResultsDirectory="5017de3c-bd30-466b-9d77-f5d548f9c4d1">
    </UnitTestResult>
  </Results>
</TestRun>