<?xml version="1.0" encoding="UTF-8"?>
<TestRun id="a2407551-cde7-441e-9806-7a4ec79a32cf" name="griddy@SKIM 2012-10-15 21:03:29" runUser="skim\griddy" xmlns="http://microsoft.com/schemas/VisualStudio/TeamTest/2010">
  <TestSettings name="Local" id="754dac9d-a171-4ffd-bfcc-06084ea7a650">
    <Description>These are default test settings for a local test run.</Description>
    <Deployment userDeploymentRoot="C:\Users\griddy\Documents\Visual Studio 2010\CareersProject\TestResults" useDefaultDeploymentRoot="false" enabled="false" runDeploymentRoot="griddy_SKIM 2012-10-15 21_03_29">
      <DeploymentItem filename="C:\Users\griddy\Documents\Visual Studio 2010\CareersProject\DAL\DAL\bin\DAL.dll" />
    </Deployment>
    <Execution>
      <TestTypeSpecific />
      <AgentRule name="Execution Agents">
      </AgentRule>
    </Execution>
  </TestSettings>
  <Times creation="2012-10-15T21:03:29.4705376+02:00" queuing="2012-10-15T21:03:29.5315411+02:00" start="2012-10-15T21:03:29.5365414+02:00" finish="2012-10-15T21:03:51.0507720+02:00" />
  <ResultSummary outcome="Completed">
    <Counters total="1" executed="1" passed="1" error="0" failed="0" timeout="0" aborted="0" inconclusive="0" passedButRunAborted="0" notRunnable="0" notExecuted="0" disconnected="0" warning="0" completed="0" inProgress="0" pending="0" />
  </ResultSummary>
  <TestDefinitions>
    <UnitTest name="KeyWordDAOConstructorTest" storage="c:\users\griddy\documents\visual studio 2010\careersproject\testcases\bin\debug\testcases.dll" id="fc801932-ad80-9d42-ac0a-65f2da797308">
      <Execution id="ce5a4303-6308-4942-9b99-13b0a4aab234" />
      <TestMethod codeBase="C:/Users/griddy/Documents/Visual Studio 2010/CareersProject/TestCases/bin/Debug/TestCases.DLL" adapterTypeName="Microsoft.VisualStudio.TestTools.TestTypes.Unit.UnitTestAdapter, Microsoft.VisualStudio.QualityTools.Tips.UnitTest.Adapter, Version=10.0.0.0, Culture=neutral, PublicKeyToken=b03f5f7f11d50a3a" className="TestCases.KeyWordDAOTest, TestCases, Version=1.0.0.0, Culture=neutral, PublicKeyToken=null" name="KeyWordDAOConstructorTest" />
      <AspNet webSiteUrl="http://localhost:3534/">
        <Host pathToWebApp="%PathToWebRoot%\..\CareersProject\DAL\DAL" webAppRoot="/" />
      </AspNet>
    </UnitTest>
  </TestDefinitions>
  <TestLists>
    <TestList name="Results Not in a List" id="8c84fa94-04c1-424b-9868-57a2d4851a1d" />
    <TestList name="All Loaded Results" id="19431567-8539-422a-85d7-44ee4e166bda" />
  </TestLists>
  <TestEntries>
    <TestEntry testId="fc801932-ad80-9d42-ac0a-65f2da797308" executionId="ce5a4303-6308-4942-9b99-13b0a4aab234" testListId="8c84fa94-04c1-424b-9868-57a2d4851a1d" />
  </TestEntries>
  <Results>
    <UnitTestResult executionId="ce5a4303-6308-4942-9b99-13b0a4aab234" testId="fc801932-ad80-9d42-ac0a-65f2da797308" testName="KeyWordDAOConstructorTest" computerName="SKIM" duration="00:00:00.0351789" startTime="2012-10-15T21:03:29.5405416+02:00" endTime="2012-10-15T21:03:51.0027692+02:00" testType="13cdc9d9-ddb5-4fa4-a97d-d965ccfc6d4b" outcome="Passed" testListId="8c84fa94-04c1-424b-9868-57a2d4851a1d" relativeResultsDirectory="ce5a4303-6308-4942-9b99-13b0a4aab234">
    </UnitTestResult>
  </Results>
</TestRun>