<?xml version="1.0" encoding="UTF-8"?>
<TestRun id="a3b54d03-f702-45f0-8b28-b6ff576b3d1a" name="griddy@SKIM 2012-10-05 20:56:02" runUser="skim\griddy" xmlns="http://microsoft.com/schemas/VisualStudio/TeamTest/2010">
  <TestSettings name="Local" id="bc4360a7-4d1e-404e-9bc3-72ad9fe5cb82">
    <Description>These are default test settings for a local test run.</Description>
    <Deployment enabled="false" runDeploymentRoot="griddy_SKIM 2012-10-05 20_56_02">
      <DeploymentItem filename="C:\careers\careers\bin\careers.dll" />
    </Deployment>
    <Execution>
      <TestTypeSpecific />
      <AgentRule name="Execution Agents">
      </AgentRule>
    </Execution>
  </TestSettings>
  <Times creation="2012-10-05T20:56:02.1568027+02:00" queuing="2012-10-05T20:56:02.2278068+02:00" start="2012-10-05T20:56:02.2338071+02:00" finish="2012-10-05T20:56:27.1422318+02:00" />
  <ResultSummary outcome="Failed">
    <Counters total="17" executed="17" passed="16" error="0" failed="1" timeout="0" aborted="0" inconclusive="0" passedButRunAborted="0" notRunnable="0" notExecuted="0" disconnected="0" warning="0" completed="0" inProgress="0" pending="0" />
  </ResultSummary>
  <TestDefinitions>
    <UnitTest name="AccountDAO_Test" storage="c:\careers\testcases\bin\debug\testcases.dll" id="2bf67c0c-7935-2eb2-ed10-7d6bc2743688">
      <Execution id="5564a97c-1ec0-45fb-9a16-68ff1072f9ae" />
      <TestMethod codeBase="C:/careers/TestCases/bin/Debug/TestCases.DLL" adapterTypeName="Microsoft.VisualStudio.TestTools.TestTypes.Unit.UnitTestAdapter, Microsoft.VisualStudio.QualityTools.Tips.UnitTest.Adapter, Version=10.0.0.0, Culture=neutral, PublicKeyToken=b03f5f7f11d50a3a" className="TestCases.AccountDAOTest, TestCases, Version=1.0.0.0, Culture=neutral, PublicKeyToken=null" name="AccountDAO_Test" />
      <AspNet webSiteUrl="http://localhost:12075/">
        <Host pathToWebApp="C:\careers\careers" webAppRoot="/" />
      </AspNet>
    </UnitTest>
    <UnitTest name="HigherEducation_Test" storage="c:\careers\testcases\bin\debug\testcases.dll" id="f207560f-e53c-5f4e-341b-385e1895e0b2">
      <Execution id="67be818c-f453-47cf-b507-461fdf8f4c19" />
      <TestMethod codeBase="C:/careers/TestCases/bin/Debug/TestCases.DLL" adapterTypeName="Microsoft.VisualStudio.TestTools.TestTypes.Unit.UnitTestAdapter, Microsoft.VisualStudio.QualityTools.Tips.UnitTest.Adapter, Version=10.0.0.0, Culture=neutral, PublicKeyToken=b03f5f7f11d50a3a" className="TestCases.HigherEducationDAOTest, TestCases, Version=1.0.0.0, Culture=neutral, PublicKeyToken=null" name="HigherEducation_Test" />
      <AspNet webSiteUrl="http://localhost:12075/">
        <Host pathToWebApp="C:\careers\careers" webAppRoot="/" />
      </AspNet>
    </UnitTest>
    <UnitTest name="LanguageDAO_Test" storage="c:\careers\testcases\bin\debug\testcases.dll" id="10c25204-7f47-f03b-6be6-860ab345e136">
      <Execution id="17b9c1fc-5d55-40f4-8a9e-e6c9af0562ba" />
      <TestMethod codeBase="C:/careers/TestCases/bin/Debug/TestCases.DLL" adapterTypeName="Microsoft.VisualStudio.TestTools.TestTypes.Unit.UnitTestAdapter, Microsoft.VisualStudio.QualityTools.Tips.UnitTest.Adapter, Version=10.0.0.0, Culture=neutral, PublicKeyToken=b03f5f7f11d50a3a" className="TestCases.LanguageDAOTest, TestCases, Version=1.0.0.0, Culture=neutral, PublicKeyToken=null" name="LanguageDAO_Test" />
      <AspNet webSiteUrl="http://localhost:12075/" />
    </UnitTest>
    <UnitTest name="LicenseDAO_Test" storage="c:\careers\testcases\bin\debug\testcases.dll" id="eccc2a10-0495-9aba-d305-0805f9d7845a">
      <Execution id="0986881f-685d-428d-8344-44ef66c6fa6b" />
      <TestMethod codeBase="C:/careers/TestCases/bin/Debug/TestCases.DLL" adapterTypeName="Microsoft.VisualStudio.TestTools.TestTypes.Unit.UnitTestAdapter, Microsoft.VisualStudio.QualityTools.Tips.UnitTest.Adapter, Version=10.0.0.0, Culture=neutral, PublicKeyToken=b03f5f7f11d50a3a" className="TestCases.LicenseDAOTest, TestCases, Version=1.0.0.0, Culture=neutral, PublicKeyToken=null" name="LicenseDAO_Test" />
      <AspNet webSiteUrl="http://localhost:12075/">
        <Host pathToWebApp="C:\careers\careers" webAppRoot="/" />
      </AspNet>
    </UnitTest>
    <UnitTest name="BasicEduSubject_Test" storage="c:\careers\testcases\bin\debug\testcases.dll" id="53a9893e-99d9-6734-07f5-7f6bffa7e5c6">
      <Execution id="70c1b9d1-f414-47fe-ac72-7100c9c4021a" />
      <TestMethod codeBase="C:/careers/TestCases/bin/Debug/TestCases.DLL" adapterTypeName="Microsoft.VisualStudio.TestTools.TestTypes.Unit.UnitTestAdapter, Microsoft.VisualStudio.QualityTools.Tips.UnitTest.Adapter, Version=10.0.0.0, Culture=neutral, PublicKeyToken=b03f5f7f11d50a3a" className="TestCases.BasicEduSubjectDAOTest, TestCases, Version=1.0.0.0, Culture=neutral, PublicKeyToken=null" name="BasicEduSubject_Test" />
      <AspNet webSiteUrl="http://localhost:12075/">
        <Host pathToWebApp="C:\careers\careers" webAppRoot="/" />
      </AspNet>
    </UnitTest>
    <UnitTest name="Disability_Test" storage="c:\careers\testcases\bin\debug\testcases.dll" id="7a6e1842-5825-6843-38eb-2607b634a237">
      <Execution id="d58a5de0-0fd6-45b9-be6e-353b535e0181" />
      <TestMethod codeBase="C:/careers/TestCases/bin/Debug/TestCases.DLL" adapterTypeName="Microsoft.VisualStudio.TestTools.TestTypes.Unit.UnitTestAdapter, Microsoft.VisualStudio.QualityTools.Tips.UnitTest.Adapter, Version=10.0.0.0, Culture=neutral, PublicKeyToken=b03f5f7f11d50a3a" className="TestCases.DisabilityDAOTest, TestCases, Version=1.0.0.0, Culture=neutral, PublicKeyToken=null" name="Disability_Test" />
      <AspNet webSiteUrl="http://localhost:12075/">
        <Host pathToWebApp="C:\careers\careers" webAppRoot="/" />
      </AspNet>
    </UnitTest>
    <UnitTest name="VacancyDAO_Test" storage="c:\careers\testcases\bin\debug\testcases.dll" id="e4c7bff8-cda3-0397-d076-d8b91c7dd823">
      <Execution id="1fb9b768-2992-4c79-b905-a48e70d50ae1" />
      <TestMethod codeBase="C:/careers/TestCases/bin/Debug/TestCases.DLL" adapterTypeName="Microsoft.VisualStudio.TestTools.TestTypes.Unit.UnitTestAdapter, Microsoft.VisualStudio.QualityTools.Tips.UnitTest.Adapter, Version=10.0.0.0, Culture=neutral, PublicKeyToken=b03f5f7f11d50a3a" className="TestCases.VacancyDAOTest, TestCases, Version=1.0.0.0, Culture=neutral, PublicKeyToken=null" name="VacancyDAO_Test" />
      <AspNet webSiteUrl="http://localhost:12075/">
        <Host pathToWebApp="C:\careers\careers" webAppRoot="/" />
      </AspNet>
    </UnitTest>
    <UnitTest name="VacancyKillerQuestionDAO_Test" storage="c:\careers\testcases\bin\debug\testcases.dll" id="13c8d32d-6db1-360c-514a-0dd84571fa59">
      <Execution id="f35f8b80-797d-4551-95c0-63c8c6a80f25" />
      <TestMethod codeBase="C:/careers/TestCases/bin/Debug/TestCases.DLL" adapterTypeName="Microsoft.VisualStudio.TestTools.TestTypes.Unit.UnitTestAdapter, Microsoft.VisualStudio.QualityTools.Tips.UnitTest.Adapter, Version=10.0.0.0, Culture=neutral, PublicKeyToken=b03f5f7f11d50a3a" className="TestCases.VacancyKillerQuestionDAOTest, TestCases, Version=1.0.0.0, Culture=neutral, PublicKeyToken=null" name="VacancyKillerQuestionDAO_Test" />
      <AspNet webSiteUrl="http://localhost:12075/">
        <Host pathToWebApp="C:\careers\careers" webAppRoot="/" />
      </AspNet>
    </UnitTest>
    <UnitTest name="KeyWordDAO_Test" storage="c:\careers\testcases\bin\debug\testcases.dll" id="6ff6b965-6e50-5fdc-5536-bccbe5cebe50">
      <Execution id="a4368266-b1f9-4f7d-b745-1f98794a84ff" />
      <TestMethod codeBase="C:/careers/TestCases/bin/Debug/TestCases.DLL" adapterTypeName="Microsoft.VisualStudio.TestTools.TestTypes.Unit.UnitTestAdapter, Microsoft.VisualStudio.QualityTools.Tips.UnitTest.Adapter, Version=10.0.0.0, Culture=neutral, PublicKeyToken=b03f5f7f11d50a3a" className="TestCases.KeyWordDAOTest, TestCases, Version=1.0.0.0, Culture=neutral, PublicKeyToken=null" name="KeyWordDAO_Test" />
      <AspNet webSiteUrl="http://localhost:12075/">
        <Host pathToWebApp="C:\careers\careers" webAppRoot="/" />
      </AspNet>
    </UnitTest>
    <UnitTest name="ContactInfo_Test" storage="c:\careers\testcases\bin\debug\testcases.dll" id="51d1345c-dfbe-7d9a-6244-6822f43d7c3a">
      <Execution id="813d3b37-f47e-416c-ac1a-94d4508bb94d" />
      <TestMethod codeBase="C:/careers/TestCases/bin/Debug/TestCases.DLL" adapterTypeName="Microsoft.VisualStudio.TestTools.TestTypes.Unit.UnitTestAdapter, Microsoft.VisualStudio.QualityTools.Tips.UnitTest.Adapter, Version=10.0.0.0, Culture=neutral, PublicKeyToken=b03f5f7f11d50a3a" className="TestCases.ContactInfoDAOTest, TestCases, Version=1.0.0.0, Culture=neutral, PublicKeyToken=null" name="ContactInfo_Test" />
      <AspNet webSiteUrl="http://localhost:12075/">
        <Host pathToWebApp="C:\careers\careers" webAppRoot="/" />
      </AspNet>
    </UnitTest>
    <UnitTest name="UserDAO_Test" storage="c:\careers\testcases\bin\debug\testcases.dll" id="adbf42c9-157f-ac4c-3ed2-14628016c384">
      <Execution id="289b0020-3adc-4196-813f-42b59f758a73" />
      <TestMethod codeBase="C:/careers/TestCases/bin/Debug/TestCases.DLL" adapterTypeName="Microsoft.VisualStudio.TestTools.TestTypes.Unit.UnitTestAdapter, Microsoft.VisualStudio.QualityTools.Tips.UnitTest.Adapter, Version=10.0.0.0, Culture=neutral, PublicKeyToken=b03f5f7f11d50a3a" className="TestCases.UserDAOTest, TestCases, Version=1.0.0.0, Culture=neutral, PublicKeyToken=null" name="UserDAO_Test" />
      <AspNet webSiteUrl="http://localhost:12075/">
        <Host pathToWebApp="C:\careers\careers" webAppRoot="/" />
      </AspNet>
    </UnitTest>
    <UnitTest name="AddressDAO_Test" storage="c:\careers\testcases\bin\debug\testcases.dll" id="63317210-cc2b-3568-506a-abf004ef37f8">
      <Execution id="f7c4d984-eee2-4c3d-92be-d083394b8173" />
      <TestMethod codeBase="C:/careers/TestCases/bin/Debug/TestCases.DLL" adapterTypeName="Microsoft.VisualStudio.TestTools.TestTypes.Unit.UnitTestAdapter, Microsoft.VisualStudio.QualityTools.Tips.UnitTest.Adapter, Version=10.0.0.0, Culture=neutral, PublicKeyToken=b03f5f7f11d50a3a" className="TestCases.AddressDAOTest, TestCases, Version=1.0.0.0, Culture=neutral, PublicKeyToken=null" name="AddressDAO_Test" />
      <AspNet webSiteUrl="http://localhost:12075/">
        <Host pathToWebApp="C:\careers\careers" webAppRoot="/" />
      </AspNet>
    </UnitTest>
    <UnitTest name="ApplicationDAO_Test" storage="c:\careers\testcases\bin\debug\testcases.dll" id="4491e100-544e-41ac-fc04-e6d0d7205248">
      <Execution id="02453e2b-cc49-4254-bee3-4daa7c57d2f9" />
      <TestMethod codeBase="C:/careers/TestCases/bin/Debug/TestCases.DLL" adapterTypeName="Microsoft.VisualStudio.TestTools.TestTypes.Unit.UnitTestAdapter, Microsoft.VisualStudio.QualityTools.Tips.UnitTest.Adapter, Version=10.0.0.0, Culture=neutral, PublicKeyToken=b03f5f7f11d50a3a" className="TestCases.ApplicationDAOTest, TestCases, Version=1.0.0.0, Culture=neutral, PublicKeyToken=null" name="ApplicationDAO_Test" />
      <AspNet webSiteUrl="http://localhost:12075/">
        <Host pathToWebApp="C:\careers\careers" webAppRoot="/" />
      </AspNet>
    </UnitTest>
    <UnitTest name="BasicEduDAO_Test" storage="c:\careers\testcases\bin\debug\testcases.dll" id="46c2159a-a7f8-ee12-4ccf-abcff0215141">
      <Execution id="fdefec33-fc8f-4d15-bc0b-fb7d2b99dd32" />
      <TestMethod codeBase="C:/careers/TestCases/bin/Debug/TestCases.DLL" adapterTypeName="Microsoft.VisualStudio.TestTools.TestTypes.Unit.UnitTestAdapter, Microsoft.VisualStudio.QualityTools.Tips.UnitTest.Adapter, Version=10.0.0.0, Culture=neutral, PublicKeyToken=b03f5f7f11d50a3a" className="TestCases.BasicEduDAOTest, TestCases, Version=1.0.0.0, Culture=neutral, PublicKeyToken=null" name="BasicEduDAO_Test" />
      <AspNet webSiteUrl="http://localhost:12075/">
        <Host pathToWebApp="C:\careers\careers" webAppRoot="/" />
      </AspNet>
    </UnitTest>
    <UnitTest name="InboxDAO_Test" storage="c:\careers\testcases\bin\debug\testcases.dll" id="a7a93256-cfba-7412-d1ac-a87204fe5abb">
      <Execution id="481aceab-3e19-4864-bac9-d0ffe16228ba" />
      <TestMethod codeBase="C:/careers/TestCases/bin/Debug/TestCases.DLL" adapterTypeName="Microsoft.VisualStudio.TestTools.TestTypes.Unit.UnitTestAdapter, Microsoft.VisualStudio.QualityTools.Tips.UnitTest.Adapter, Version=10.0.0.0, Culture=neutral, PublicKeyToken=b03f5f7f11d50a3a" className="TestCases.InboxDAOTest, TestCases, Version=1.0.0.0, Culture=neutral, PublicKeyToken=null" name="InboxDAO_Test" />
      <AspNet webSiteUrl="http://localhost:12075/">
        <Host pathToWebApp="C:\careers\careers" webAppRoot="/" />
      </AspNet>
    </UnitTest>
    <UnitTest name="SupportDocDAO_Test" storage="c:\careers\testcases\bin\debug\testcases.dll" id="8f9f3004-6c96-17d4-8354-66a73b86767f">
      <Execution id="e9fbc665-4b44-48a1-8716-aa71f38f6a63" />
      <TestMethod codeBase="C:/careers/TestCases/bin/Debug/TestCases.DLL" adapterTypeName="Microsoft.VisualStudio.TestTools.TestTypes.Unit.UnitTestAdapter, Microsoft.VisualStudio.QualityTools.Tips.UnitTest.Adapter, Version=10.0.0.0, Culture=neutral, PublicKeyToken=b03f5f7f11d50a3a" className="TestCases.SupportDocDAOTest, TestCases, Version=1.0.0.0, Culture=neutral, PublicKeyToken=null" name="SupportDocDAO_Test" />
      <AspNet webSiteUrl="http://localhost:12075/">
        <Host pathToWebApp="C:\careers\careers" webAppRoot="/" />
      </AspNet>
    </UnitTest>
    <UnitTest name="EmploymentDAO_Test" storage="c:\careers\testcases\bin\debug\testcases.dll" id="ba7b3118-5eb7-4b18-3f4e-7cb0949e5493">
      <Execution id="0887fe17-bfd8-4fa8-9083-fc9e811413ee" />
      <TestMethod codeBase="C:/careers/TestCases/bin/Debug/TestCases.DLL" adapterTypeName="Microsoft.VisualStudio.TestTools.TestTypes.Unit.UnitTestAdapter, Microsoft.VisualStudio.QualityTools.Tips.UnitTest.Adapter, Version=10.0.0.0, Culture=neutral, PublicKeyToken=b03f5f7f11d50a3a" className="TestCases.EmploymentDAOTest, TestCases, Version=1.0.0.0, Culture=neutral, PublicKeyToken=null" name="EmploymentDAO_Test" />
      <AspNet webSiteUrl="http://localhost:12075/">
        <Host pathToWebApp="C:\careers\careers" webAppRoot="/" />
      </AspNet>
    </UnitTest>
  </TestDefinitions>
  <TestLists>
    <TestList name="Results Not in a List" id="8c84fa94-04c1-424b-9868-57a2d4851a1d" />
    <TestList name="All Loaded Results" id="19431567-8539-422a-85d7-44ee4e166bda" />
  </TestLists>
  <TestEntries>
    <TestEntry testId="10c25204-7f47-f03b-6be6-860ab345e136" executionId="17b9c1fc-5d55-40f4-8a9e-e6c9af0562ba" testListId="8c84fa94-04c1-424b-9868-57a2d4851a1d" />
    <TestEntry testId="13c8d32d-6db1-360c-514a-0dd84571fa59" executionId="f35f8b80-797d-4551-95c0-63c8c6a80f25" testListId="8c84fa94-04c1-424b-9868-57a2d4851a1d" />
    <TestEntry testId="2bf67c0c-7935-2eb2-ed10-7d6bc2743688" executionId="5564a97c-1ec0-45fb-9a16-68ff1072f9ae" testListId="8c84fa94-04c1-424b-9868-57a2d4851a1d" />
    <TestEntry testId="4491e100-544e-41ac-fc04-e6d0d7205248" executionId="02453e2b-cc49-4254-bee3-4daa7c57d2f9" testListId="8c84fa94-04c1-424b-9868-57a2d4851a1d" />
    <TestEntry testId="46c2159a-a7f8-ee12-4ccf-abcff0215141" executionId="fdefec33-fc8f-4d15-bc0b-fb7d2b99dd32" testListId="8c84fa94-04c1-424b-9868-57a2d4851a1d" />
    <TestEntry testId="51d1345c-dfbe-7d9a-6244-6822f43d7c3a" executionId="813d3b37-f47e-416c-ac1a-94d4508bb94d" testListId="8c84fa94-04c1-424b-9868-57a2d4851a1d" />
    <TestEntry testId="53a9893e-99d9-6734-07f5-7f6bffa7e5c6" executionId="70c1b9d1-f414-47fe-ac72-7100c9c4021a" testListId="8c84fa94-04c1-424b-9868-57a2d4851a1d" />
    <TestEntry testId="63317210-cc2b-3568-506a-abf004ef37f8" executionId="f7c4d984-eee2-4c3d-92be-d083394b8173" testListId="8c84fa94-04c1-424b-9868-57a2d4851a1d" />
    <TestEntry testId="6ff6b965-6e50-5fdc-5536-bccbe5cebe50" executionId="a4368266-b1f9-4f7d-b745-1f98794a84ff" testListId="8c84fa94-04c1-424b-9868-57a2d4851a1d" />
    <TestEntry testId="7a6e1842-5825-6843-38eb-2607b634a237" executionId="d58a5de0-0fd6-45b9-be6e-353b535e0181" testListId="8c84fa94-04c1-424b-9868-57a2d4851a1d" />
    <TestEntry testId="8f9f3004-6c96-17d4-8354-66a73b86767f" executionId="e9fbc665-4b44-48a1-8716-aa71f38f6a63" testListId="8c84fa94-04c1-424b-9868-57a2d4851a1d" />
    <TestEntry testId="a7a93256-cfba-7412-d1ac-a87204fe5abb" executionId="481aceab-3e19-4864-bac9-d0ffe16228ba" testListId="8c84fa94-04c1-424b-9868-57a2d4851a1d" />
    <TestEntry testId="adbf42c9-157f-ac4c-3ed2-14628016c384" executionId="289b0020-3adc-4196-813f-42b59f758a73" testListId="8c84fa94-04c1-424b-9868-57a2d4851a1d" />
    <TestEntry testId="ba7b3118-5eb7-4b18-3f4e-7cb0949e5493" executionId="0887fe17-bfd8-4fa8-9083-fc9e811413ee" testListId="8c84fa94-04c1-424b-9868-57a2d4851a1d" />
    <TestEntry testId="e4c7bff8-cda3-0397-d076-d8b91c7dd823" executionId="1fb9b768-2992-4c79-b905-a48e70d50ae1" testListId="8c84fa94-04c1-424b-9868-57a2d4851a1d" />
    <TestEntry testId="eccc2a10-0495-9aba-d305-0805f9d7845a" executionId="0986881f-685d-428d-8344-44ef66c6fa6b" testListId="8c84fa94-04c1-424b-9868-57a2d4851a1d" />
    <TestEntry testId="f207560f-e53c-5f4e-341b-385e1895e0b2" executionId="67be818c-f453-47cf-b507-461fdf8f4c19" testListId="8c84fa94-04c1-424b-9868-57a2d4851a1d" />
  </TestEntries>
  <Results>
    <UnitTestResult executionId="17b9c1fc-5d55-40f4-8a9e-e6c9af0562ba" testId="10c25204-7f47-f03b-6be6-860ab345e136" testName="LanguageDAO_Test" computerName="SKIM" duration="00:00:00.0739338" startTime="2012-10-05T20:56:02.2358073+02:00" endTime="2012-10-05T20:56:02.4878217+02:00" testType="13cdc9d9-ddb5-4fa4-a97d-d965ccfc6d4b" outcome="Passed" testListId="8c84fa94-04c1-424b-9868-57a2d4851a1d" relativeResultsDirectory="17b9c1fc-5d55-40f4-8a9e-e6c9af0562ba">
    </UnitTestResult>
    <UnitTestResult executionId="f35f8b80-797d-4551-95c0-63c8c6a80f25" testId="13c8d32d-6db1-360c-514a-0dd84571fa59" testName="VacancyKillerQuestionDAO_Test" computerName="SKIM" duration="00:00:00.1108940" startTime="2012-10-05T20:56:02.4898218+02:00" endTime="2012-10-05T20:56:23.5930288+02:00" testType="13cdc9d9-ddb5-4fa4-a97d-d965ccfc6d4b" outcome="Passed" testListId="8c84fa94-04c1-424b-9868-57a2d4851a1d" relativeResultsDirectory="f35f8b80-797d-4551-95c0-63c8c6a80f25">
    </UnitTestResult>
    <UnitTestResult executionId="5564a97c-1ec0-45fb-9a16-68ff1072f9ae" testId="2bf67c0c-7935-2eb2-ed10-7d6bc2743688" testName="AccountDAO_Test" computerName="SKIM" duration="00:00:00.0745207" startTime="2012-10-05T20:56:23.5940289+02:00" endTime="2012-10-05T20:56:23.9510493+02:00" testType="13cdc9d9-ddb5-4fa4-a97d-d965ccfc6d4b" outcome="Passed" testListId="8c84fa94-04c1-424b-9868-57a2d4851a1d" relativeResultsDirectory="5564a97c-1ec0-45fb-9a16-68ff1072f9ae">
    </UnitTestResult>
    <UnitTestResult executionId="02453e2b-cc49-4254-bee3-4daa7c57d2f9" testId="4491e100-544e-41ac-fc04-e6d0d7205248" testName="ApplicationDAO_Test" computerName="SKIM" duration="00:00:00.0635850" startTime="2012-10-05T20:56:23.9520493+02:00" endTime="2012-10-05T20:56:24.0640558+02:00" testType="13cdc9d9-ddb5-4fa4-a97d-d965ccfc6d4b" outcome="Failed" testListId="8c84fa94-04c1-424b-9868-57a2d4851a1d" relativeResultsDirectory="02453e2b-cc49-4254-bee3-4daa7c57d2f9">
      <Output>
        <ErrorInfo>
          <Message>Assert.AreEqual failed. Expected:&lt;False&gt;. Actual:&lt;True&gt;. </Message>
          <StackTrace>   at TestCases.ApplicationDAOTest.ApplicationDAO_Test() in C:\careers\TestCases\ApplicationDAOTest.cs:line 134
</StackTrace>
        </ErrorInfo>
      </Output>
    </UnitTestResult>
    <UnitTestResult executionId="fdefec33-fc8f-4d15-bc0b-fb7d2b99dd32" testId="46c2159a-a7f8-ee12-4ccf-abcff0215141" testName="BasicEduDAO_Test" computerName="SKIM" duration="00:00:00.0269463" startTime="2012-10-05T20:56:24.0650558+02:00" endTime="2012-10-05T20:56:24.1400601+02:00" testType="13cdc9d9-ddb5-4fa4-a97d-d965ccfc6d4b" outcome="Passed" testListId="8c84fa94-04c1-424b-9868-57a2d4851a1d" relativeResultsDirectory="fdefec33-fc8f-4d15-bc0b-fb7d2b99dd32">
    </UnitTestResult>
    <UnitTestResult executionId="813d3b37-f47e-416c-ac1a-94d4508bb94d" testId="51d1345c-dfbe-7d9a-6244-6822f43d7c3a" testName="ContactInfo_Test" computerName="SKIM" duration="00:00:00.0295171" startTime="2012-10-05T20:56:24.1410602+02:00" endTime="2012-10-05T20:56:24.2160644+02:00" testType="13cdc9d9-ddb5-4fa4-a97d-d965ccfc6d4b" outcome="Passed" testListId="8c84fa94-04c1-424b-9868-57a2d4851a1d" relativeResultsDirectory="813d3b37-f47e-416c-ac1a-94d4508bb94d">
    </UnitTestResult>
    <UnitTestResult executionId="70c1b9d1-f414-47fe-ac72-7100c9c4021a" testId="53a9893e-99d9-6734-07f5-7f6bffa7e5c6" testName="BasicEduSubject_Test" computerName="SKIM" duration="00:00:00.0291234" startTime="2012-10-05T20:56:24.2170645+02:00" endTime="2012-10-05T20:56:24.2950690+02:00" testType="13cdc9d9-ddb5-4fa4-a97d-d965ccfc6d4b" outcome="Passed" testListId="8c84fa94-04c1-424b-9868-57a2d4851a1d" relativeResultsDirectory="70c1b9d1-f414-47fe-ac72-7100c9c4021a">
    </UnitTestResult>
    <UnitTestResult executionId="f7c4d984-eee2-4c3d-92be-d083394b8173" testId="63317210-cc2b-3568-506a-abf004ef37f8" testName="AddressDAO_Test" computerName="SKIM" duration="00:00:00.0310529" startTime="2012-10-05T20:56:24.2960690+02:00" endTime="2012-10-05T20:56:24.3730734+02:00" testType="13cdc9d9-ddb5-4fa4-a97d-d965ccfc6d4b" outcome="Passed" testListId="8c84fa94-04c1-424b-9868-57a2d4851a1d" relativeResultsDirectory="f7c4d984-eee2-4c3d-92be-d083394b8173">
    </UnitTestResult>
    <UnitTestResult executionId="a4368266-b1f9-4f7d-b745-1f98794a84ff" testId="6ff6b965-6e50-5fdc-5536-bccbe5cebe50" testName="KeyWordDAO_Test" computerName="SKIM" duration="00:00:00.0180842" startTime="2012-10-05T20:56:24.3740735+02:00" endTime="2012-10-05T20:56:24.4410773+02:00" testType="13cdc9d9-ddb5-4fa4-a97d-d965ccfc6d4b" outcome="Passed" testListId="8c84fa94-04c1-424b-9868-57a2d4851a1d" relativeResultsDirectory="a4368266-b1f9-4f7d-b745-1f98794a84ff">
    </UnitTestResult>
    <UnitTestResult executionId="d58a5de0-0fd6-45b9-be6e-353b535e0181" testId="7a6e1842-5825-6843-38eb-2607b634a237" testName="Disability_Test" computerName="SKIM" duration="00:00:00.0267322" startTime="2012-10-05T20:56:24.4410773+02:00" endTime="2012-10-05T20:56:24.5160816+02:00" testType="13cdc9d9-ddb5-4fa4-a97d-d965ccfc6d4b" outcome="Passed" testListId="8c84fa94-04c1-424b-9868-57a2d4851a1d" relativeResultsDirectory="d58a5de0-0fd6-45b9-be6e-353b535e0181">
    </UnitTestResult>
    <UnitTestResult executionId="e9fbc665-4b44-48a1-8716-aa71f38f6a63" testId="8f9f3004-6c96-17d4-8354-66a73b86767f" testName="SupportDocDAO_Test" computerName="SKIM" duration="00:00:00.0346430" startTime="2012-10-05T20:56:24.5160816+02:00" endTime="2012-10-05T20:56:24.6060868+02:00" testType="13cdc9d9-ddb5-4fa4-a97d-d965ccfc6d4b" outcome="Passed" testListId="8c84fa94-04c1-424b-9868-57a2d4851a1d" relativeResultsDirectory="e9fbc665-4b44-48a1-8716-aa71f38f6a63">
    </UnitTestResult>
    <UnitTestResult executionId="481aceab-3e19-4864-bac9-d0ffe16228ba" testId="a7a93256-cfba-7412-d1ac-a87204fe5abb" testName="InboxDAO_Test" computerName="SKIM" duration="00:00:00.0320717" startTime="2012-10-05T20:56:24.6070868+02:00" endTime="2012-10-05T20:56:24.6850913+02:00" testType="13cdc9d9-ddb5-4fa4-a97d-d965ccfc6d4b" outcome="Passed" testListId="8c84fa94-04c1-424b-9868-57a2d4851a1d" relativeResultsDirectory="481aceab-3e19-4864-bac9-d0ffe16228ba">
    </UnitTestResult>
    <UnitTestResult executionId="289b0020-3adc-4196-813f-42b59f758a73" testId="adbf42c9-157f-ac4c-3ed2-14628016c384" testName="UserDAO_Test" computerName="SKIM" duration="00:00:00.0070581" startTime="2012-10-05T20:56:24.6860913+02:00" endTime="2012-10-05T20:56:24.7370943+02:00" testType="13cdc9d9-ddb5-4fa4-a97d-d965ccfc6d4b" outcome="Passed" testListId="8c84fa94-04c1-424b-9868-57a2d4851a1d" relativeResultsDirectory="289b0020-3adc-4196-813f-42b59f758a73">
    </UnitTestResult>
    <UnitTestResult executionId="0887fe17-bfd8-4fa8-9083-fc9e811413ee" testId="ba7b3118-5eb7-4b18-3f4e-7cb0949e5493" testName="EmploymentDAO_Test" computerName="SKIM" duration="00:00:00.0422148" startTime="2012-10-05T20:56:24.7380943+02:00" endTime="2012-10-05T20:56:24.8240992+02:00" testType="13cdc9d9-ddb5-4fa4-a97d-d965ccfc6d4b" outcome="Passed" testListId="8c84fa94-04c1-424b-9868-57a2d4851a1d" relativeResultsDirectory="0887fe17-bfd8-4fa8-9083-fc9e811413ee">
    </UnitTestResult>
    <UnitTestResult executionId="1fb9b768-2992-4c79-b905-a48e70d50ae1" testId="e4c7bff8-cda3-0397-d076-d8b91c7dd823" testName="VacancyDAO_Test" computerName="SKIM" duration="00:00:00.0168396" startTime="2012-10-05T20:56:24.8250993+02:00" endTime="2012-10-05T20:56:24.8891029+02:00" testType="13cdc9d9-ddb5-4fa4-a97d-d965ccfc6d4b" outcome="Passed" testListId="8c84fa94-04c1-424b-9868-57a2d4851a1d" relativeResultsDirectory="1fb9b768-2992-4c79-b905-a48e70d50ae1">
    </UnitTestResult>
    <UnitTestResult executionId="0986881f-685d-428d-8344-44ef66c6fa6b" testId="eccc2a10-0495-9aba-d305-0805f9d7845a" testName="LicenseDAO_Test" computerName="SKIM" duration="00:00:00.0247061" startTime="2012-10-05T20:56:24.8901030+02:00" endTime="2012-10-05T20:56:24.9581069+02:00" testType="13cdc9d9-ddb5-4fa4-a97d-d965ccfc6d4b" outcome="Passed" testListId="8c84fa94-04c1-424b-9868-57a2d4851a1d" relativeResultsDirectory="0986881f-685d-428d-8344-44ef66c6fa6b">
    </UnitTestResult>
    <UnitTestResult executionId="67be818c-f453-47cf-b507-461fdf8f4c19" testId="f207560f-e53c-5f4e-341b-385e1895e0b2" testName="HigherEducation_Test" computerName="SKIM" duration="00:00:00.0315548" startTime="2012-10-05T20:56:24.9591069+02:00" endTime="2012-10-05T20:56:25.0461119+02:00" testType="13cdc9d9-ddb5-4fa4-a97d-d965ccfc6d4b" outcome="Passed" testListId="8c84fa94-04c1-424b-9868-57a2d4851a1d" relativeResultsDirectory="67be818c-f453-47cf-b507-461fdf8f4c19">
    </UnitTestResult>
  </Results>
</TestRun>