<?xml version="1.0" encoding="UTF-8"?>
<TestRun id="f72b930f-0967-48d2-8e5e-de8ff476ee52" name="griddy@SKIM 2012-10-24 22:54:27" runUser="skim\griddy" xmlns="http://microsoft.com/schemas/VisualStudio/TeamTest/2010">
  <TestSettings name="Local" id="754dac9d-a171-4ffd-bfcc-06084ea7a650">
    <Description>These are default test settings for a local test run.</Description>
    <Deployment enabled="false" runDeploymentRoot="griddy_SKIM 2012-10-24 22_54_27">
      <DeploymentItem filename="C:\Users\griddy\Documents\Visual Studio 2010\CareersProject\DAL\DAL\bin\DAL.dll" />
    </Deployment>
    <Execution>
      <TestTypeSpecific />
      <AgentRule name="Execution Agents">
      </AgentRule>
    </Execution>
  </TestSettings>
  <Times creation="2012-10-24T22:54:27.5037178+02:00" queuing="2012-10-24T22:54:27.5647213+02:00" start="2012-10-24T22:54:27.5707217+02:00" finish="2012-10-24T22:54:28.1837567+02:00" />
  <ResultSummary outcome="Error">
    <Counters total="1" executed="1" error="1" failed="0" timeout="0" aborted="0" inconclusive="0" passedButRunAborted="0" notRunnable="0" notExecuted="0" disconnected="0" warning="0" passed="0" completed="0" inProgress="0" pending="0" />
  </ResultSummary>
  <TestDefinitions>
    <UnitTest name="AccountDAOConstructorTest" storage="c:\users\griddy\documents\visual studio 2010\careersproject\testcases\bin\debug\testcases.dll" id="801a05f5-3864-fa5f-4bfd-17c2d5b5c07a">
      <Execution id="55b948a5-f065-4b8d-802f-50886e4bf426" />
      <TestMethod codeBase="C:/Users/griddy/Documents/Visual Studio 2010/CareersProject/TestCases/bin/Debug/TestCases.DLL" adapterTypeName="Microsoft.VisualStudio.TestTools.TestTypes.Unit.UnitTestAdapter, Microsoft.VisualStudio.QualityTools.Tips.UnitTest.Adapter, Version=10.0.0.0, Culture=neutral, PublicKeyToken=b03f5f7f11d50a3a" className="TestCases.AccountDAOTest, TestCases, Version=1.0.0.0, Culture=neutral, PublicKeyToken=null" name="AccountDAOConstructorTest" />
      <AspNet webSiteUrl="http://localhost:3534/">
        <Host pathToWebApp="%PathToWebRoot%\..\CareersProject\TestCases\" webAppRoot="/" />
      </AspNet>
    </UnitTest>
  </TestDefinitions>
  <TestLists>
    <TestList name="Results Not in a List" id="8c84fa94-04c1-424b-9868-57a2d4851a1d" />
    <TestList name="All Loaded Results" id="19431567-8539-422a-85d7-44ee4e166bda" />
  </TestLists>
  <TestEntries>
    <TestEntry testId="801a05f5-3864-fa5f-4bfd-17c2d5b5c07a" executionId="55b948a5-f065-4b8d-802f-50886e4bf426" testListId="8c84fa94-04c1-424b-9868-57a2d4851a1d" />
  </TestEntries>
  <Results>
    <UnitTestResult executionId="55b948a5-f065-4b8d-802f-50886e4bf426" testId="801a05f5-3864-fa5f-4bfd-17c2d5b5c07a" testName="AccountDAOConstructorTest" computerName="SKIM" duration="00:00:00.2090120" startTime="2012-10-24T22:54:27.5747219+02:00" endTime="2012-10-24T22:54:27.7837339+02:00" testType="13cdc9d9-ddb5-4fa4-a97d-d965ccfc6d4b" testListId="8c84fa94-04c1-424b-9868-57a2d4851a1d" relativeResultsDirectory="55b948a5-f065-4b8d-802f-50886e4bf426">
      <Output>
        <ErrorInfo>
          <Message>The test adapter 'WebHostAdapter' threw an exception while running test 'AccountDAOConstructorTest'. The web site could not be configured correctly; getting ASP.NET process information failed. Requesting 'http://localhost:3534/VSEnterpriseHelper.axd' returned an error: The remote server returned an error: (404) Not Found.
The remote server returned an error: (404) Not Found.</Message>
        </ErrorInfo>
      </Output>
    </UnitTestResult>
  </Results>
</TestRun>