<?xml version="1.0" encoding="UTF-8"?>
<TestRun id="b51657a6-e581-4c75-bcbf-82f883098800" name="griddy@SKIM 2012-10-15 21:32:36" runUser="skim\griddy" xmlns="http://microsoft.com/schemas/VisualStudio/TeamTest/2010">
  <TestSettings name="Local" id="754dac9d-a171-4ffd-bfcc-06084ea7a650">
    <Description>These are default test settings for a local test run.</Description>
    <Deployment enabled="false" runDeploymentRoot="griddy_SKIM 2012-10-15 21_32_36">
      <DeploymentItem filename="C:\Users\griddy\Documents\Visual Studio 2010\CareersProject\DAL\DAL\bin\DAL.dll" />
    </Deployment>
    <Execution>
      <TestTypeSpecific />
      <AgentRule name="Execution Agents">
      </AgentRule>
    </Execution>
  </TestSettings>
  <Times creation="2012-10-15T21:32:36.9384871+02:00" queuing="2012-10-15T21:32:37.0044909+02:00" start="2012-10-15T21:32:37.0104912+02:00" finish="2012-10-15T21:32:58.5787248+02:00" />
  <ResultSummary outcome="Failed">
    <Counters total="1" executed="1" error="0" failed="1" timeout="0" aborted="0" inconclusive="0" passedButRunAborted="0" notRunnable="0" notExecuted="0" disconnected="0" warning="0" passed="0" completed="0" inProgress="0" pending="0" />
  </ResultSummary>
  <TestDefinitions>
    <UnitTest name="ApplicationDAOConstructorTest" storage="c:\users\griddy\documents\visual studio 2010\careersproject\testcases\bin\debug\testcases.dll" id="cb602bfc-b894-a16e-d44a-c73f8789a62e">
      <Execution id="07cd5678-0230-450f-8619-3d9f0b7abfa5" />
      <TestMethod codeBase="C:/Users/griddy/Documents/Visual Studio 2010/CareersProject/TestCases/bin/Debug/TestCases.DLL" adapterTypeName="Microsoft.VisualStudio.TestTools.TestTypes.Unit.UnitTestAdapter, Microsoft.VisualStudio.QualityTools.Tips.UnitTest.Adapter, Version=10.0.0.0, Culture=neutral, PublicKeyToken=b03f5f7f11d50a3a" className="TestCases.ApplicationDAOTest, TestCases, Version=1.0.0.0, Culture=neutral, PublicKeyToken=null" name="ApplicationDAOConstructorTest" />
      <AspNet webSiteUrl="http://localhost:3534/">
        <Host pathToWebApp="%PathToWebRoot%\..\CareersProject\DAL\DAL" webAppRoot="/" />
      </AspNet>
    </UnitTest>
  </TestDefinitions>
  <TestLists>
    <TestList name="Results Not in a List" id="8c84fa94-04c1-424b-9868-57a2d4851a1d" />
    <TestList name="All Loaded Results" id="19431567-8539-422a-85d7-44ee4e166bda" />
  </TestLists>
  <TestEntries>
    <TestEntry testId="cb602bfc-b894-a16e-d44a-c73f8789a62e" executionId="07cd5678-0230-450f-8619-3d9f0b7abfa5" testListId="8c84fa94-04c1-424b-9868-57a2d4851a1d" />
  </TestEntries>
  <Results>
    <UnitTestResult executionId="07cd5678-0230-450f-8619-3d9f0b7abfa5" testId="cb602bfc-b894-a16e-d44a-c73f8789a62e" testName="ApplicationDAOConstructorTest" computerName="SKIM" duration="00:00:00.0655753" startTime="2012-10-15T21:32:37.0134914+02:00" endTime="2012-10-15T21:32:58.4997203+02:00" testType="13cdc9d9-ddb5-4fa4-a97d-d965ccfc6d4b" outcome="Failed" testListId="8c84fa94-04c1-424b-9868-57a2d4851a1d" relativeResultsDirectory="07cd5678-0230-450f-8619-3d9f0b7abfa5">
      <Output>
        <ErrorInfo>
          <Message>Assert.AreEqual failed. Expected:&lt;True&gt;. Actual:&lt;False&gt;. </Message>
          <StackTrace>   at TestCases.ApplicationDAOTest.ApplicationDAOConstructorTest() in C:\Users\griddy\Documents\Visual Studio 2010\CareersProject\TestCases\ApplicationDAOTest.cs:line 112
</StackTrace>
        </ErrorInfo>
      </Output>
    </UnitTestResult>
  </Results>
</TestRun>