<?xml version="1.0" encoding="UTF-8"?>
<TestRun id="83b0789e-4994-4b13-a0f6-835fe2724539" name="griddy@SKIM 2012-10-15 15:28:32" runUser="skim\griddy" xmlns="http://microsoft.com/schemas/VisualStudio/TeamTest/2010">
  <TestSettings name="Local" id="754dac9d-a171-4ffd-bfcc-06084ea7a650">
    <Description>These are default test settings for a local test run.</Description>
    <Deployment userDeploymentRoot="C:\Users\griddy\Documents\Visual Studio 2010\CareersProject\TestResults" useDefaultDeploymentRoot="false" enabled="false" runDeploymentRoot="griddy_SKIM 2012-10-15 15_28_32">
      <DeploymentItem filename="C:\Users\griddy\Documents\Visual Studio 2010\CareersProject\DAL\DAL\bin\DAL.dll" />
    </Deployment>
    <Execution>
      <TestTypeSpecific />
      <AgentRule name="Execution Agents">
      </AgentRule>
    </Execution>
  </TestSettings>
  <Times creation="2012-10-15T15:28:32.5787983+02:00" queuing="2012-10-15T15:28:32.6258010+02:00" start="2012-10-15T15:28:32.6308013+02:00" finish="2012-10-15T15:28:54.0700276+02:00" />
  <ResultSummary outcome="Completed">
    <Counters total="1" executed="1" passed="1" error="0" failed="0" timeout="0" aborted="0" inconclusive="0" passedButRunAborted="0" notRunnable="0" notExecuted="0" disconnected="0" warning="0" completed="0" inProgress="0" pending="0" />
  </ResultSummary>
  <TestDefinitions>
    <UnitTest name="UserDAOConstructorTest" storage="c:\users\griddy\documents\visual studio 2010\careersproject\testcases\bin\debug\testcases.dll" id="061f4e50-6efb-79bd-61c1-8df6538e1bfc">
      <Execution id="60dfc64f-31ed-40a7-8d99-e4d5f2a251d3" />
      <TestMethod codeBase="C:/Users/griddy/Documents/Visual Studio 2010/CareersProject/TestCases/bin/Debug/TestCases.DLL" adapterTypeName="Microsoft.VisualStudio.TestTools.TestTypes.Unit.UnitTestAdapter, Microsoft.VisualStudio.QualityTools.Tips.UnitTest.Adapter, Version=10.0.0.0, Culture=neutral, PublicKeyToken=b03f5f7f11d50a3a" className="TestCases.UserDAOTest, TestCases, Version=1.0.0.0, Culture=neutral, PublicKeyToken=null" name="UserDAOConstructorTest" />
      <AspNet webSiteUrl="http://localhost:3534/">
        <Host pathToWebApp="%PathToWebRoot%\..\CareersProject\DAL\DAL" webAppRoot="/" />
      </AspNet>
    </UnitTest>
  </TestDefinitions>
  <TestLists>
    <TestList name="Results Not in a List" id="8c84fa94-04c1-424b-9868-57a2d4851a1d" />
    <TestList name="All Loaded Results" id="19431567-8539-422a-85d7-44ee4e166bda" />
  </TestLists>
  <TestEntries>
    <TestEntry testId="061f4e50-6efb-79bd-61c1-8df6538e1bfc" executionId="60dfc64f-31ed-40a7-8d99-e4d5f2a251d3" testListId="8c84fa94-04c1-424b-9868-57a2d4851a1d" />
  </TestEntries>
  <Results>
    <UnitTestResult executionId="60dfc64f-31ed-40a7-8d99-e4d5f2a251d3" testId="061f4e50-6efb-79bd-61c1-8df6538e1bfc" testName="UserDAOConstructorTest" computerName="SKIM" duration="00:00:00.0327983" startTime="2012-10-15T15:28:32.6338015+02:00" endTime="2012-10-15T15:28:54.0260250+02:00" testType="13cdc9d9-ddb5-4fa4-a97d-d965ccfc6d4b" outcome="Passed" testListId="8c84fa94-04c1-424b-9868-57a2d4851a1d" relativeResultsDirectory="60dfc64f-31ed-40a7-8d99-e4d5f2a251d3">
    </UnitTestResult>
  </Results>
</TestRun>