<?xml version="1.0" encoding="UTF-8"?>
<TestRun id="43c6c1c1-3abc-435a-aa44-9b210018d435" name="griddy@SKIM 2012-10-15 20:53:58" runUser="skim\griddy" xmlns="http://microsoft.com/schemas/VisualStudio/TeamTest/2010">
  <TestSettings name="Local" id="754dac9d-a171-4ffd-bfcc-06084ea7a650">
    <Description>These are default test settings for a local test run.</Description>
    <Deployment enabled="false" runDeploymentRoot="griddy_SKIM 2012-10-15 20_53_58">
      <DeploymentItem filename="C:\Users\griddy\Documents\Visual Studio 2010\CareersProject\DAL\DAL\bin\DAL.dll" />
    </Deployment>
    <Execution>
      <TestTypeSpecific />
      <AgentRule name="Execution Agents">
      </AgentRule>
    </Execution>
  </TestSettings>
  <Times creation="2012-10-15T20:53:58.3828733+02:00" queuing="2012-10-15T20:53:58.4678782+02:00" start="2012-10-15T20:53:58.4728784+02:00" finish="2012-10-15T20:54:20.4321344+02:00" />
  <ResultSummary outcome="Completed">
    <Counters total="1" executed="1" passed="1" error="0" failed="0" timeout="0" aborted="0" inconclusive="0" passedButRunAborted="0" notRunnable="0" notExecuted="0" disconnected="0" warning="0" completed="0" inProgress="0" pending="0" />
  </ResultSummary>
  <TestDefinitions>
    <UnitTest name="VacancyDAOConstructorTest" storage="c:\users\griddy\documents\visual studio 2010\careersproject\testcases\bin\debug\testcases.dll" id="936e2ee4-1793-6bdd-fbf7-11479f4b344b">
      <Execution id="ba7f7fbf-3265-4d0b-b7db-645913599a99" />
      <TestMethod codeBase="C:/Users/griddy/Documents/Visual Studio 2010/CareersProject/TestCases/bin/Debug/TestCases.DLL" adapterTypeName="Microsoft.VisualStudio.TestTools.TestTypes.Unit.UnitTestAdapter, Microsoft.VisualStudio.QualityTools.Tips.UnitTest.Adapter, Version=10.0.0.0, Culture=neutral, PublicKeyToken=b03f5f7f11d50a3a" className="TestCases.VacancyDAOTest, TestCases, Version=1.0.0.0, Culture=neutral, PublicKeyToken=null" name="VacancyDAOConstructorTest" />
      <AspNet webSiteUrl="http://localhost:3534/">
        <Host pathToWebApp="%PathToWebRoot%\..\CareersProject\DAL\DAL" webAppRoot="/" />
      </AspNet>
    </UnitTest>
  </TestDefinitions>
  <TestLists>
    <TestList name="Results Not in a List" id="8c84fa94-04c1-424b-9868-57a2d4851a1d" />
    <TestList name="All Loaded Results" id="19431567-8539-422a-85d7-44ee4e166bda" />
  </TestLists>
  <TestEntries>
    <TestEntry testId="936e2ee4-1793-6bdd-fbf7-11479f4b344b" executionId="ba7f7fbf-3265-4d0b-b7db-645913599a99" testListId="8c84fa94-04c1-424b-9868-57a2d4851a1d" />
  </TestEntries>
  <Results>
    <UnitTestResult executionId="ba7f7fbf-3265-4d0b-b7db-645913599a99" testId="936e2ee4-1793-6bdd-fbf7-11479f4b344b" testName="VacancyDAOConstructorTest" computerName="SKIM" duration="00:00:00.0790757" startTime="2012-10-15T20:53:58.4788788+02:00" endTime="2012-10-15T20:54:20.3841317+02:00" testType="13cdc9d9-ddb5-4fa4-a97d-d965ccfc6d4b" outcome="Passed" testListId="8c84fa94-04c1-424b-9868-57a2d4851a1d" relativeResultsDirectory="ba7f7fbf-3265-4d0b-b7db-645913599a99">
    </UnitTestResult>
  </Results>
</TestRun>