<?xml version="1.0" encoding="UTF-8"?>
<TestRun id="1e994fe5-0b40-4cf8-bdca-a2a22ac1aad0" name="griddy@SKIM 2012-10-25 22:53:18" runUser="skim\griddy" xmlns="http://microsoft.com/schemas/VisualStudio/TeamTest/2010">
  <TestSettings name="Local" id="754dac9d-a171-4ffd-bfcc-06084ea7a650">
    <Description>These are default test settings for a local test run.</Description>
    <Deployment enabled="false" runDeploymentRoot="griddy_SKIM 2012-10-25 22_53_18">
      <DeploymentItem filename="C:\Users\griddy\Documents\Visual Studio 2010\CareersProject\DAL\DAL\bin\DAL.dll" />
    </Deployment>
    <Execution>
      <TestTypeSpecific />
      <AgentRule name="Execution Agents">
      </AgentRule>
    </Execution>
  </TestSettings>
  <Times creation="2012-10-25T22:53:18.6511903+02:00" queuing="2012-10-25T22:53:18.6941927+02:00" start="2012-10-25T22:53:18.7041933+02:00" finish="2012-10-25T22:53:50.0529864+02:00" />
  <ResultSummary outcome="Failed">
    <Counters total="2" executed="2" passed="1" error="0" failed="1" timeout="0" aborted="0" inconclusive="0" passedButRunAborted="0" notRunnable="0" notExecuted="0" disconnected="0" warning="0" completed="0" inProgress="0" pending="0" />
  </ResultSummary>
  <TestDefinitions>
    <UnitTest name="AddressDAOConstructorTest" storage="c:\users\griddy\documents\visual studio 2010\careersproject\testcases\bin\debug\testcases.dll" id="8296ca6f-80e4-d230-6b6d-24719d8e713a">
      <Execution id="acfe1935-1fde-4e64-8933-ed4ee5c425cf" />
      <TestMethod codeBase="C:/Users/griddy/Documents/Visual Studio 2010/CareersProject/TestCases/bin/Debug/TestCases.DLL" adapterTypeName="Microsoft.VisualStudio.TestTools.TestTypes.Unit.UnitTestAdapter, Microsoft.VisualStudio.QualityTools.Tips.UnitTest.Adapter, Version=10.0.0.0, Culture=neutral, PublicKeyToken=b03f5f7f11d50a3a" className="TestCases.AddressDAOTest, TestCases, Version=1.0.0.0, Culture=neutral, PublicKeyToken=null" name="AddressDAOConstructorTest" />
      <AspNet webSiteUrl="http://localhost:3534/">
        <Host pathToWebApp="%PathToWebRoot%\..\CareersProject\DAL\DAL" webAppRoot="/" />
      </AspNet>
    </UnitTest>
    <UnitTest name="AccountDAOConstructorTest" storage="c:\users\griddy\documents\visual studio 2010\careersproject\testcases\bin\debug\testcases.dll" id="801a05f5-3864-fa5f-4bfd-17c2d5b5c07a">
      <Execution id="0194c5f1-0a4b-49e2-ab4e-e2183981ad66" />
      <TestMethod codeBase="C:/Users/griddy/Documents/Visual Studio 2010/CareersProject/TestCases/bin/Debug/TestCases.DLL" adapterTypeName="Microsoft.VisualStudio.TestTools.TestTypes.Unit.UnitTestAdapter, Microsoft.VisualStudio.QualityTools.Tips.UnitTest.Adapter, Version=10.0.0.0, Culture=neutral, PublicKeyToken=b03f5f7f11d50a3a" className="TestCases.AccountDAOTest, TestCases, Version=1.0.0.0, Culture=neutral, PublicKeyToken=null" name="AccountDAOConstructorTest" />
      <AspNet webSiteUrl="http://localhost:3534/">
        <Host pathToWebApp="%PathToWebRoot%\..\CareersProject\DAL\DAL" webAppRoot="/" />
      </AspNet>
    </UnitTest>
  </TestDefinitions>
  <TestLists>
    <TestList name="Results Not in a List" id="8c84fa94-04c1-424b-9868-57a2d4851a1d" />
    <TestList name="All Loaded Results" id="19431567-8539-422a-85d7-44ee4e166bda" />
  </TestLists>
  <TestEntries>
    <TestEntry testId="801a05f5-3864-fa5f-4bfd-17c2d5b5c07a" executionId="0194c5f1-0a4b-49e2-ab4e-e2183981ad66" testListId="8c84fa94-04c1-424b-9868-57a2d4851a1d" />
    <TestEntry testId="8296ca6f-80e4-d230-6b6d-24719d8e713a" executionId="acfe1935-1fde-4e64-8933-ed4ee5c425cf" testListId="8c84fa94-04c1-424b-9868-57a2d4851a1d" />
  </TestEntries>
  <Results>
    <UnitTestResult executionId="0194c5f1-0a4b-49e2-ab4e-e2183981ad66" testId="801a05f5-3864-fa5f-4bfd-17c2d5b5c07a" testName="AccountDAOConstructorTest" computerName="SKIM" startTime="2012-10-25T22:53:18.7111937+02:00" endTime="2012-10-25T22:53:48.8739189+02:00" testType="13cdc9d9-ddb5-4fa4-a97d-d965ccfc6d4b" outcome="Failed" testListId="8c84fa94-04c1-424b-9868-57a2d4851a1d" relativeResultsDirectory="0194c5f1-0a4b-49e2-ab4e-e2183981ad66">
      <Output>
        <ErrorInfo>
          <Message>The Web server for page 'http://localhost:3534/' did not respond. Check that the Web server is running and visible on the network.</Message>
        </ErrorInfo>
      </Output>
    </UnitTestResult>
    <UnitTestResult executionId="acfe1935-1fde-4e64-8933-ed4ee5c425cf" testId="8296ca6f-80e4-d230-6b6d-24719d8e713a" testName="AddressDAOConstructorTest" computerName="SKIM" duration="00:00:00.0813508" startTime="2012-10-25T22:53:48.8759190+02:00" endTime="2012-10-25T22:53:49.9619812+02:00" testType="13cdc9d9-ddb5-4fa4-a97d-d965ccfc6d4b" outcome="Passed" testListId="8c84fa94-04c1-424b-9868-57a2d4851a1d" relativeResultsDirectory="acfe1935-1fde-4e64-8933-ed4ee5c425cf">
    </UnitTestResult>
  </Results>
</TestRun>