<?xml version="1.0" encoding="UTF-8"?>
<TestRun id="69345db8-1102-4916-86d9-cc276c5c8e54" name="griddy@SKIM 2012-10-25 23:11:47" runUser="skim\griddy" xmlns="http://microsoft.com/schemas/VisualStudio/TeamTest/2010">
  <TestSettings name="Local" id="754dac9d-a171-4ffd-bfcc-06084ea7a650">
    <Description>These are default test settings for a local test run.</Description>
    <Deployment enabled="false" runDeploymentRoot="griddy_SKIM 2012-10-25 23_11_47">
      <DeploymentItem filename="C:\Users\griddy\Documents\Visual Studio 2010\CareersProject\DAL\DAL\bin\DAL.dll" />
    </Deployment>
    <Execution>
      <TestTypeSpecific />
      <AgentRule name="Execution Agents">
      </AgentRule>
    </Execution>
  </TestSettings>
  <Times creation="2012-10-25T23:11:47.9006357+02:00" queuing="2012-10-25T23:11:48.1966527+02:00" start="2012-10-25T23:11:48.2216541+02:00" finish="2012-10-25T23:11:50.5157853+02:00" />
  <ResultSummary outcome="Error">
    <Counters total="17" executed="17" passed="16" error="1" failed="0" timeout="0" aborted="0" inconclusive="0" passedButRunAborted="0" notRunnable="0" notExecuted="0" disconnected="0" warning="0" completed="0" inProgress="0" pending="0" />
  </ResultSummary>
  <TestDefinitions>
    <UnitTest name="KeyWordDAOConstructorTest" storage="c:\users\griddy\documents\visual studio 2010\careersproject\testcases\bin\debug\testcases.dll" id="fc801932-ad80-9d42-ac0a-65f2da797308">
      <Execution id="23bea8fb-dfc7-4af8-a679-c80cdfde3941" />
      <TestMethod codeBase="C:/Users/griddy/Documents/Visual Studio 2010/CareersProject/TestCases/bin/Debug/TestCases.DLL" adapterTypeName="Microsoft.VisualStudio.TestTools.TestTypes.Unit.UnitTestAdapter, Microsoft.VisualStudio.QualityTools.Tips.UnitTest.Adapter, Version=10.0.0.0, Culture=neutral, PublicKeyToken=b03f5f7f11d50a3a" className="TestCases.KeyWordDAOTest, TestCases, Version=1.0.0.0, Culture=neutral, PublicKeyToken=null" name="KeyWordDAOConstructorTest" />
      <AspNet webSiteUrl="http://localhost:3534/">
        <Host pathToWebApp="%PathToWebRoot%\..\CareersProject\DAL\DAL" webAppRoot="/" />
      </AspNet>
    </UnitTest>
    <UnitTest name="ApplicationDAOConstructorTest" storage="c:\users\griddy\documents\visual studio 2010\careersproject\testcases\bin\debug\testcases.dll" id="cb602bfc-b894-a16e-d44a-c73f8789a62e">
      <Execution id="f13f611e-07fc-40dc-96c4-ee33f14b3fa4" />
      <TestMethod codeBase="C:/Users/griddy/Documents/Visual Studio 2010/CareersProject/TestCases/bin/Debug/TestCases.DLL" adapterTypeName="Microsoft.VisualStudio.TestTools.TestTypes.Unit.UnitTestAdapter, Microsoft.VisualStudio.QualityTools.Tips.UnitTest.Adapter, Version=10.0.0.0, Culture=neutral, PublicKeyToken=b03f5f7f11d50a3a" className="TestCases.ApplicationDAOTest, TestCases, Version=1.0.0.0, Culture=neutral, PublicKeyToken=null" name="ApplicationDAOConstructorTest" />
      <AspNet webSiteUrl="http://localhost:3534/">
        <Host pathToWebApp="%PathToWebRoot%\..\CareersProject\DAL\DAL" webAppRoot="/" />
      </AspNet>
    </UnitTest>
    <UnitTest name="ContactInfoDAOConstructorTest" storage="c:\users\griddy\documents\visual studio 2010\careersproject\testcases\bin\debug\testcases.dll" id="ae3ff0e8-bb64-5264-a976-22bbdc3e81aa">
      <Execution id="4106b5bb-0629-4704-9c70-b89449166798" />
      <TestMethod codeBase="C:/Users/griddy/Documents/Visual Studio 2010/CareersProject/TestCases/bin/Debug/TestCases.DLL" adapterTypeName="Microsoft.VisualStudio.TestTools.TestTypes.Unit.UnitTestAdapter, Microsoft.VisualStudio.QualityTools.Tips.UnitTest.Adapter, Version=10.0.0.0, Culture=neutral, PublicKeyToken=b03f5f7f11d50a3a" className="TestCases.ContactInfoDAOTest, TestCases, Version=1.0.0.0, Culture=neutral, PublicKeyToken=null" name="ContactInfoDAOConstructorTest" />
      <AspNet webSiteUrl="http://localhost:3534/">
        <Host pathToWebApp="%PathToWebRoot%\..\CareersProject\DAL\DAL" webAppRoot="/" />
      </AspNet>
    </UnitTest>
    <UnitTest name="AddressDAOConstructorTest" storage="c:\users\griddy\documents\visual studio 2010\careersproject\testcases\bin\debug\testcases.dll" id="8296ca6f-80e4-d230-6b6d-24719d8e713a">
      <Execution id="cde8db4a-d388-47db-a641-8c3403227fce" />
      <TestMethod codeBase="C:/Users/griddy/Documents/Visual Studio 2010/CareersProject/TestCases/bin/Debug/TestCases.DLL" adapterTypeName="Microsoft.VisualStudio.TestTools.TestTypes.Unit.UnitTestAdapter, Microsoft.VisualStudio.QualityTools.Tips.UnitTest.Adapter, Version=10.0.0.0, Culture=neutral, PublicKeyToken=b03f5f7f11d50a3a" className="TestCases.AddressDAOTest, TestCases, Version=1.0.0.0, Culture=neutral, PublicKeyToken=null" name="AddressDAOConstructorTest" />
      <AspNet webSiteUrl="http://localhost:3534/">
        <Host pathToWebApp="%PathToWebRoot%\..\CareersProject\DAL\DAL" webAppRoot="/" />
      </AspNet>
    </UnitTest>
    <UnitTest name="UserDAOConstructorTest" storage="c:\users\griddy\documents\visual studio 2010\careersproject\testcases\bin\debug\testcases.dll" id="061f4e50-6efb-79bd-61c1-8df6538e1bfc">
      <Execution id="b5c1b51f-0bff-486f-8651-2d837cd511a1" />
      <TestMethod codeBase="C:/Users/griddy/Documents/Visual Studio 2010/CareersProject/TestCases/bin/Debug/TestCases.DLL" adapterTypeName="Microsoft.VisualStudio.TestTools.TestTypes.Unit.UnitTestAdapter, Microsoft.VisualStudio.QualityTools.Tips.UnitTest.Adapter, Version=10.0.0.0, Culture=neutral, PublicKeyToken=b03f5f7f11d50a3a" className="TestCases.UserDAOTest, TestCases, Version=1.0.0.0, Culture=neutral, PublicKeyToken=null" name="UserDAOConstructorTest" />
      <AspNet webSiteUrl="http://localhost:3534/">
        <Host pathToWebApp="%PathToWebRoot%\..\CareersProject\DAL\DAL" webAppRoot="/" />
      </AspNet>
    </UnitTest>
    <UnitTest name="VacancyDAOConstructorTest" storage="c:\users\griddy\documents\visual studio 2010\careersproject\testcases\bin\debug\testcases.dll" id="936e2ee4-1793-6bdd-fbf7-11479f4b344b">
      <Execution id="020b46f7-2f0c-479d-bca1-cdf494c86c9d" />
      <TestMethod codeBase="C:/Users/griddy/Documents/Visual Studio 2010/CareersProject/TestCases/bin/Debug/TestCases.DLL" adapterTypeName="Microsoft.VisualStudio.TestTools.TestTypes.Unit.UnitTestAdapter, Microsoft.VisualStudio.QualityTools.Tips.UnitTest.Adapter, Version=10.0.0.0, Culture=neutral, PublicKeyToken=b03f5f7f11d50a3a" className="TestCases.VacancyDAOTest, TestCases, Version=1.0.0.0, Culture=neutral, PublicKeyToken=null" name="VacancyDAOConstructorTest" />
      <AspNet webSiteUrl="http://localhost:3534/">
        <Host pathToWebApp="%PathToWebRoot%\..\CareersProject\DAL\DAL" webAppRoot="/" />
      </AspNet>
    </UnitTest>
    <UnitTest name="DisabilityDAOConstructorTest" storage="c:\users\griddy\documents\visual studio 2010\careersproject\testcases\bin\debug\testcases.dll" id="a7a67b55-026d-7fae-3532-59ae01cadc54">
      <Execution id="618719f2-924e-48b6-918f-b467bd69bd28" />
      <TestMethod codeBase="C:/Users/griddy/Documents/Visual Studio 2010/CareersProject/TestCases/bin/Debug/TestCases.DLL" adapterTypeName="Microsoft.VisualStudio.TestTools.TestTypes.Unit.UnitTestAdapter, Microsoft.VisualStudio.QualityTools.Tips.UnitTest.Adapter, Version=10.0.0.0, Culture=neutral, PublicKeyToken=b03f5f7f11d50a3a" className="TestCases.DisabilityDAOTest, TestCases, Version=1.0.0.0, Culture=neutral, PublicKeyToken=null" name="DisabilityDAOConstructorTest" />
      <AspNet webSiteUrl="http://localhost:3534/">
        <Host pathToWebApp="%PathToWebRoot%\..\CareersProject\DAL\DAL" webAppRoot="/" />
      </AspNet>
    </UnitTest>
    <UnitTest name="InboxDAOConstructorTest" storage="c:\users\griddy\documents\visual studio 2010\careersproject\testcases\bin\debug\testcases.dll" id="52ade19f-d4f0-0bba-2925-9262045aae1f">
      <Execution id="a0f99d3d-9d50-4de5-a2d0-5c2cb0203382" />
      <TestMethod codeBase="C:/Users/griddy/Documents/Visual Studio 2010/CareersProject/TestCases/bin/Debug/TestCases.DLL" adapterTypeName="Microsoft.VisualStudio.TestTools.TestTypes.Unit.UnitTestAdapter, Microsoft.VisualStudio.QualityTools.Tips.UnitTest.Adapter, Version=10.0.0.0, Culture=neutral, PublicKeyToken=b03f5f7f11d50a3a" className="TestCases.InboxDAOTest, TestCases, Version=1.0.0.0, Culture=neutral, PublicKeyToken=null" name="InboxDAOConstructorTest" />
      <AspNet webSiteUrl="http://localhost:3534/">
        <Host pathToWebApp="%PathToWebRoot%\..\CareersProject\DAL\DAL" webAppRoot="/" />
      </AspNet>
    </UnitTest>
    <UnitTest name="BasicEduSubjectDAOConstructorTest" storage="c:\users\griddy\documents\visual studio 2010\careersproject\testcases\bin\debug\testcases.dll" id="4588a81a-7911-ae84-bb3a-a0204bac7bae">
      <Execution id="022c9538-5af3-4b9a-ac59-a014602aeeef" />
      <TestMethod codeBase="C:/Users/griddy/Documents/Visual Studio 2010/CareersProject/TestCases/bin/Debug/TestCases.DLL" adapterTypeName="Microsoft.VisualStudio.TestTools.TestTypes.Unit.UnitTestAdapter, Microsoft.VisualStudio.QualityTools.Tips.UnitTest.Adapter, Version=10.0.0.0, Culture=neutral, PublicKeyToken=b03f5f7f11d50a3a" className="TestCases.BasicEduSubjectDAOTest, TestCases, Version=1.0.0.0, Culture=neutral, PublicKeyToken=null" name="BasicEduSubjectDAOConstructorTest" />
      <AspNet webSiteUrl="http://localhost:3534/">
        <Host pathToWebApp="%PathToWebRoot%\..\CareersProject\DAL\DAL" webAppRoot="/" />
      </AspNet>
    </UnitTest>
    <UnitTest name="HigherEducationDAOConstructorTest" storage="c:\users\griddy\documents\visual studio 2010\careersproject\testcases\bin\debug\testcases.dll" id="920fd339-3c76-e786-9d23-6870fe085554">
      <Execution id="b752792f-b59c-4d3e-b82a-cebdec8d5952" />
      <TestMethod codeBase="C:/Users/griddy/Documents/Visual Studio 2010/CareersProject/TestCases/bin/Debug/TestCases.DLL" adapterTypeName="Microsoft.VisualStudio.TestTools.TestTypes.Unit.UnitTestAdapter, Microsoft.VisualStudio.QualityTools.Tips.UnitTest.Adapter, Version=10.0.0.0, Culture=neutral, PublicKeyToken=b03f5f7f11d50a3a" className="TestCases.HigherEducationDAOTest, TestCases, Version=1.0.0.0, Culture=neutral, PublicKeyToken=null" name="HigherEducationDAOConstructorTest" />
      <AspNet webSiteUrl="http://localhost:3534/">
        <Host pathToWebApp="%PathToWebRoot%\..\CareersProject\DAL\DAL" webAppRoot="/" />
      </AspNet>
    </UnitTest>
    <UnitTest name="SupportDocDAOConstructorTest" storage="c:\users\griddy\documents\visual studio 2010\careersproject\testcases\bin\debug\testcases.dll" id="bf478dc6-3e8d-c2a8-0e8a-a118795f7c05">
      <Execution id="c46c917a-6335-4336-84c6-df058d659fcf" />
      <TestMethod codeBase="C:/Users/griddy/Documents/Visual Studio 2010/CareersProject/TestCases/bin/Debug/TestCases.DLL" adapterTypeName="Microsoft.VisualStudio.TestTools.TestTypes.Unit.UnitTestAdapter, Microsoft.VisualStudio.QualityTools.Tips.UnitTest.Adapter, Version=10.0.0.0, Culture=neutral, PublicKeyToken=b03f5f7f11d50a3a" className="TestCases.SupportDocDAOTest, TestCases, Version=1.0.0.0, Culture=neutral, PublicKeyToken=null" name="SupportDocDAOConstructorTest" />
      <AspNet webSiteUrl="http://localhost:3534/">
        <Host pathToWebApp="%PathToWebRoot%\..\CareersProject\DAL\DAL" webAppRoot="/" />
      </AspNet>
    </UnitTest>
    <UnitTest name="AccountDAOConstructorTest" storage="c:\users\griddy\documents\visual studio 2010\careersproject\testcases\bin\debug\testcases.dll" id="801a05f5-3864-fa5f-4bfd-17c2d5b5c07a">
      <Execution id="7cdc967e-f117-49a6-b391-eaf59b25e7eb" />
      <TestMethod codeBase="C:/Users/griddy/Documents/Visual Studio 2010/CareersProject/TestCases/bin/Debug/TestCases.DLL" adapterTypeName="Microsoft.VisualStudio.TestTools.TestTypes.Unit.UnitTestAdapter, Microsoft.VisualStudio.QualityTools.Tips.UnitTest.Adapter, Version=10.0.0.0, Culture=neutral, PublicKeyToken=b03f5f7f11d50a3a" className="TestCases.AccountDAOTest, TestCases, Version=1.0.0.0, Culture=neutral, PublicKeyToken=null" name="AccountDAOConstructorTest" />
      <AspNet webSiteUrl="http://localhost:3534/">
        <Host pathToWebApp="%PathToWebRoot%\..\CareersProject\DAL\DAL" webAppRoot="/" />
      </AspNet>
    </UnitTest>
    <UnitTest name="LicenseDAOConstructorTest" storage="c:\users\griddy\documents\visual studio 2010\careersproject\testcases\bin\debug\testcases.dll" id="a3262a21-4804-a2aa-4ef0-2f5dd856e6b6">
      <Execution id="8a75f09a-320d-4cbc-b9d7-519471d12ad4" />
      <TestMethod codeBase="C:/Users/griddy/Documents/Visual Studio 2010/CareersProject/TestCases/bin/Debug/TestCases.DLL" adapterTypeName="Microsoft.VisualStudio.TestTools.TestTypes.Unit.UnitTestAdapter, Microsoft.VisualStudio.QualityTools.Tips.UnitTest.Adapter, Version=10.0.0.0, Culture=neutral, PublicKeyToken=b03f5f7f11d50a3a" className="TestCases.LicenseDAOTest, TestCases, Version=1.0.0.0, Culture=neutral, PublicKeyToken=null" name="LicenseDAOConstructorTest" />
      <AspNet webSiteUrl="http://localhost:3534/">
        <Host pathToWebApp="%PathToWebRoot%\..\CareersProject\DAL\DAL" webAppRoot="/" />
      </AspNet>
    </UnitTest>
    <UnitTest name="VacancyKillerQuestionDAOConstructorTest" storage="c:\users\griddy\documents\visual studio 2010\careersproject\testcases\bin\debug\testcases.dll" id="3febcfad-b820-50ff-42a7-2e98006a2a12">
      <Execution id="3656c101-f6ae-4463-8f35-f6c6ba69b845" />
      <TestMethod codeBase="C:/Users/griddy/Documents/Visual Studio 2010/CareersProject/TestCases/bin/Debug/TestCases.DLL" adapterTypeName="Microsoft.VisualStudio.TestTools.TestTypes.Unit.UnitTestAdapter, Microsoft.VisualStudio.QualityTools.Tips.UnitTest.Adapter, Version=10.0.0.0, Culture=neutral, PublicKeyToken=b03f5f7f11d50a3a" className="TestCases.VacancyKillerQuestionDAOTest, TestCases, Version=1.0.0.0, Culture=neutral, PublicKeyToken=null" name="VacancyKillerQuestionDAOConstructorTest" />
      <AspNet webSiteUrl="http://localhost:3534/">
        <Host pathToWebApp="%PathToWebRoot%\..\CareersProject\DAL\DAL" webAppRoot="/" />
      </AspNet>
    </UnitTest>
    <UnitTest name="LanguageDAOConstructorTest" storage="c:\users\griddy\documents\visual studio 2010\careersproject\testcases\bin\debug\testcases.dll" id="d0654bd4-fcbb-1d9a-33ca-ef8fb270654f">
      <Execution id="5395ba65-efe6-4570-8ce0-065a7a3fab2b" />
      <TestMethod codeBase="C:/Users/griddy/Documents/Visual Studio 2010/CareersProject/TestCases/bin/Debug/TestCases.DLL" adapterTypeName="Microsoft.VisualStudio.TestTools.TestTypes.Unit.UnitTestAdapter, Microsoft.VisualStudio.QualityTools.Tips.UnitTest.Adapter, Version=10.0.0.0, Culture=neutral, PublicKeyToken=b03f5f7f11d50a3a" className="TestCases.LanguageDAOTest, TestCases, Version=1.0.0.0, Culture=neutral, PublicKeyToken=null" name="LanguageDAOConstructorTest" />
      <AspNet webSiteUrl="http://localhost:3534/">
        <Host pathToWebApp="%PathToWebRoot%\..\CareersProject\DAL\DAL" webAppRoot="/" />
      </AspNet>
    </UnitTest>
    <UnitTest name="BasicEduDAOConstructorTest" storage="c:\users\griddy\documents\visual studio 2010\careersproject\testcases\bin\debug\testcases.dll" id="a05d6b3b-b351-72cb-6f32-2c24f4df40f8">
      <Execution id="5a3ac1a2-820d-40a0-8a20-fd970cebc6d8" />
      <TestMethod codeBase="C:/Users/griddy/Documents/Visual Studio 2010/CareersProject/TestCases/bin/Debug/TestCases.DLL" adapterTypeName="Microsoft.VisualStudio.TestTools.TestTypes.Unit.UnitTestAdapter, Microsoft.VisualStudio.QualityTools.Tips.UnitTest.Adapter, Version=10.0.0.0, Culture=neutral, PublicKeyToken=b03f5f7f11d50a3a" className="TestCases.BasicEduDAOTest, TestCases, Version=1.0.0.0, Culture=neutral, PublicKeyToken=null" name="BasicEduDAOConstructorTest" />
      <AspNet webSiteUrl="http://localhost:3534/">
        <Host pathToWebApp="%PathToWebRoot%\..\CareersProject\DAL\DAL" webAppRoot="/" />
      </AspNet>
    </UnitTest>
    <UnitTest name="EmploymentDAOConstructorTest" storage="c:\users\griddy\documents\visual studio 2010\careersproject\testcases\bin\debug\testcases.dll" id="34819300-cfa1-046a-c70c-c0b8c29d239b">
      <Execution id="4940fbb4-f28f-423f-9a0d-1ed23ab45ca9" />
      <TestMethod codeBase="C:/Users/griddy/Documents/Visual Studio 2010/CareersProject/TestCases/bin/Debug/TestCases.DLL" adapterTypeName="Microsoft.VisualStudio.TestTools.TestTypes.Unit.UnitTestAdapter, Microsoft.VisualStudio.QualityTools.Tips.UnitTest.Adapter, Version=10.0.0.0, Culture=neutral, PublicKeyToken=b03f5f7f11d50a3a" className="TestCases.EmploymentDAOTest, TestCases, Version=1.0.0.0, Culture=neutral, PublicKeyToken=null" name="EmploymentDAOConstructorTest" />
      <AspNet webSiteUrl="http://localhost:3534/">
        <Host pathToWebApp="%PathToWebRoot%\..\CareersProject\DAL\DAL" webAppRoot="/" />
      </AspNet>
    </UnitTest>
  </TestDefinitions>
  <TestLists>
    <TestList name="Results Not in a List" id="8c84fa94-04c1-424b-9868-57a2d4851a1d" />
    <TestList name="All Loaded Results" id="19431567-8539-422a-85d7-44ee4e166bda" />
  </TestLists>
  <TestEntries>
    <TestEntry testId="801a05f5-3864-fa5f-4bfd-17c2d5b5c07a" executionId="7cdc967e-f117-49a6-b391-eaf59b25e7eb" testListId="8c84fa94-04c1-424b-9868-57a2d4851a1d" />
    <TestEntry testId="8296ca6f-80e4-d230-6b6d-24719d8e713a" executionId="cde8db4a-d388-47db-a641-8c3403227fce" testListId="8c84fa94-04c1-424b-9868-57a2d4851a1d" />
    <TestEntry testId="cb602bfc-b894-a16e-d44a-c73f8789a62e" executionId="f13f611e-07fc-40dc-96c4-ee33f14b3fa4" testListId="8c84fa94-04c1-424b-9868-57a2d4851a1d" />
    <TestEntry testId="a05d6b3b-b351-72cb-6f32-2c24f4df40f8" executionId="5a3ac1a2-820d-40a0-8a20-fd970cebc6d8" testListId="8c84fa94-04c1-424b-9868-57a2d4851a1d" />
    <TestEntry testId="4588a81a-7911-ae84-bb3a-a0204bac7bae" executionId="022c9538-5af3-4b9a-ac59-a014602aeeef" testListId="8c84fa94-04c1-424b-9868-57a2d4851a1d" />
    <TestEntry testId="ae3ff0e8-bb64-5264-a976-22bbdc3e81aa" executionId="4106b5bb-0629-4704-9c70-b89449166798" testListId="8c84fa94-04c1-424b-9868-57a2d4851a1d" />
    <TestEntry testId="a7a67b55-026d-7fae-3532-59ae01cadc54" executionId="618719f2-924e-48b6-918f-b467bd69bd28" testListId="8c84fa94-04c1-424b-9868-57a2d4851a1d" />
    <TestEntry testId="34819300-cfa1-046a-c70c-c0b8c29d239b" executionId="4940fbb4-f28f-423f-9a0d-1ed23ab45ca9" testListId="8c84fa94-04c1-424b-9868-57a2d4851a1d" />
    <TestEntry testId="920fd339-3c76-e786-9d23-6870fe085554" executionId="b752792f-b59c-4d3e-b82a-cebdec8d5952" testListId="8c84fa94-04c1-424b-9868-57a2d4851a1d" />
    <TestEntry testId="52ade19f-d4f0-0bba-2925-9262045aae1f" executionId="a0f99d3d-9d50-4de5-a2d0-5c2cb0203382" testListId="8c84fa94-04c1-424b-9868-57a2d4851a1d" />
    <TestEntry testId="fc801932-ad80-9d42-ac0a-65f2da797308" executionId="23bea8fb-dfc7-4af8-a679-c80cdfde3941" testListId="8c84fa94-04c1-424b-9868-57a2d4851a1d" />
    <TestEntry testId="d0654bd4-fcbb-1d9a-33ca-ef8fb270654f" executionId="5395ba65-efe6-4570-8ce0-065a7a3fab2b" testListId="8c84fa94-04c1-424b-9868-57a2d4851a1d" />
    <TestEntry testId="a3262a21-4804-a2aa-4ef0-2f5dd856e6b6" executionId="8a75f09a-320d-4cbc-b9d7-519471d12ad4" testListId="8c84fa94-04c1-424b-9868-57a2d4851a1d" />
    <TestEntry testId="bf478dc6-3e8d-c2a8-0e8a-a118795f7c05" executionId="c46c917a-6335-4336-84c6-df058d659fcf" testListId="8c84fa94-04c1-424b-9868-57a2d4851a1d" />
    <TestEntry testId="061f4e50-6efb-79bd-61c1-8df6538e1bfc" executionId="b5c1b51f-0bff-486f-8651-2d837cd511a1" testListId="8c84fa94-04c1-424b-9868-57a2d4851a1d" />
    <TestEntry testId="936e2ee4-1793-6bdd-fbf7-11479f4b344b" executionId="020b46f7-2f0c-479d-bca1-cdf494c86c9d" testListId="8c84fa94-04c1-424b-9868-57a2d4851a1d" />
    <TestEntry testId="3febcfad-b820-50ff-42a7-2e98006a2a12" executionId="3656c101-f6ae-4463-8f35-f6c6ba69b845" testListId="8c84fa94-04c1-424b-9868-57a2d4851a1d" />
  </TestEntries>
  <Results>
    <UnitTestResult executionId="7cdc967e-f117-49a6-b391-eaf59b25e7eb" testId="801a05f5-3864-fa5f-4bfd-17c2d5b5c07a" testName="AccountDAOConstructorTest" computerName="SKIM" duration="00:00:00.0600035" startTime="2012-10-25T23:11:48.2486556+02:00" endTime="2012-10-25T23:11:48.3086591+02:00" testType="13cdc9d9-ddb5-4fa4-a97d-d965ccfc6d4b" testListId="8c84fa94-04c1-424b-9868-57a2d4851a1d" relativeResultsDirectory="7cdc967e-f117-49a6-b391-eaf59b25e7eb">
      <Output>
        <ErrorInfo>
          <Message>The test adapter 'WebHostAdapter' threw an exception while running test 'AccountDAOConstructorTest'. The web site could not be configured correctly; getting ASP.NET process information failed. Requesting 'http://localhost:3534/VSEnterpriseHelper.axd' returned an error: The remote server returned an error: (500) Internal Server Error.
The remote server returned an error: (500) Internal Server Error.</Message>
        </ErrorInfo>
      </Output>
    </UnitTestResult>
    <UnitTestResult executionId="cde8db4a-d388-47db-a641-8c3403227fce" testId="8296ca6f-80e4-d230-6b6d-24719d8e713a" testName="AddressDAOConstructorTest" computerName="SKIM" duration="00:00:00.0469812" startTime="2012-10-25T23:11:48.3136593+02:00" endTime="2012-10-25T23:11:49.0797032+02:00" testType="13cdc9d9-ddb5-4fa4-a97d-d965ccfc6d4b" outcome="Passed" testListId="8c84fa94-04c1-424b-9868-57a2d4851a1d" relativeResultsDirectory="cde8db4a-d388-47db-a641-8c3403227fce">
    </UnitTestResult>
    <UnitTestResult executionId="f13f611e-07fc-40dc-96c4-ee33f14b3fa4" testId="cb602bfc-b894-a16e-d44a-c73f8789a62e" testName="ApplicationDAOConstructorTest" computerName="SKIM" duration="00:00:00.0205108" startTime="2012-10-25T23:11:49.0807032+02:00" endTime="2012-10-25T23:11:49.1527073+02:00" testType="13cdc9d9-ddb5-4fa4-a97d-d965ccfc6d4b" outcome="Passed" testListId="8c84fa94-04c1-424b-9868-57a2d4851a1d" relativeResultsDirectory="f13f611e-07fc-40dc-96c4-ee33f14b3fa4">
    </UnitTestResult>
    <UnitTestResult executionId="5a3ac1a2-820d-40a0-8a20-fd970cebc6d8" testId="a05d6b3b-b351-72cb-6f32-2c24f4df40f8" testName="BasicEduDAOConstructorTest" computerName="SKIM" duration="00:00:00.0130446" startTime="2012-10-25T23:11:49.1537074+02:00" endTime="2012-10-25T23:11:49.2157109+02:00" testType="13cdc9d9-ddb5-4fa4-a97d-d965ccfc6d4b" outcome="Passed" testListId="8c84fa94-04c1-424b-9868-57a2d4851a1d" relativeResultsDirectory="5a3ac1a2-820d-40a0-8a20-fd970cebc6d8">
    </UnitTestResult>
    <UnitTestResult executionId="022c9538-5af3-4b9a-ac59-a014602aeeef" testId="4588a81a-7911-ae84-bb3a-a0204bac7bae" testName="BasicEduSubjectDAOConstructorTest" computerName="SKIM" duration="00:00:00.0139085" startTime="2012-10-25T23:11:49.2167110+02:00" endTime="2012-10-25T23:11:49.2777145+02:00" testType="13cdc9d9-ddb5-4fa4-a97d-d965ccfc6d4b" outcome="Passed" testListId="8c84fa94-04c1-424b-9868-57a2d4851a1d" relativeResultsDirectory="022c9538-5af3-4b9a-ac59-a014602aeeef">
    </UnitTestResult>
    <UnitTestResult executionId="4106b5bb-0629-4704-9c70-b89449166798" testId="ae3ff0e8-bb64-5264-a976-22bbdc3e81aa" testName="ContactInfoDAOConstructorTest" computerName="SKIM" duration="00:00:00.0133469" startTime="2012-10-25T23:11:49.2787145+02:00" endTime="2012-10-25T23:11:49.3707198+02:00" testType="13cdc9d9-ddb5-4fa4-a97d-d965ccfc6d4b" outcome="Passed" testListId="8c84fa94-04c1-424b-9868-57a2d4851a1d" relativeResultsDirectory="4106b5bb-0629-4704-9c70-b89449166798">
    </UnitTestResult>
    <UnitTestResult executionId="618719f2-924e-48b6-918f-b467bd69bd28" testId="a7a67b55-026d-7fae-3532-59ae01cadc54" testName="DisabilityDAOConstructorTest" computerName="SKIM" duration="00:00:00.0133450" startTime="2012-10-25T23:11:49.3727199+02:00" endTime="2012-10-25T23:11:49.4457241+02:00" testType="13cdc9d9-ddb5-4fa4-a97d-d965ccfc6d4b" outcome="Passed" testListId="8c84fa94-04c1-424b-9868-57a2d4851a1d" relativeResultsDirectory="618719f2-924e-48b6-918f-b467bd69bd28">
    </UnitTestResult>
    <UnitTestResult executionId="4940fbb4-f28f-423f-9a0d-1ed23ab45ca9" testId="34819300-cfa1-046a-c70c-c0b8c29d239b" testName="EmploymentDAOConstructorTest" computerName="SKIM" duration="00:00:00.0429376" startTime="2012-10-25T23:11:49.4467242+02:00" endTime="2012-10-25T23:11:49.5607307+02:00" testType="13cdc9d9-ddb5-4fa4-a97d-d965ccfc6d4b" outcome="Passed" testListId="8c84fa94-04c1-424b-9868-57a2d4851a1d" relativeResultsDirectory="4940fbb4-f28f-423f-9a0d-1ed23ab45ca9">
    </UnitTestResult>
    <UnitTestResult executionId="b752792f-b59c-4d3e-b82a-cebdec8d5952" testId="920fd339-3c76-e786-9d23-6870fe085554" testName="HigherEducationDAOConstructorTest" computerName="SKIM" duration="00:00:00.0179717" startTime="2012-10-25T23:11:49.5617307+02:00" endTime="2012-10-25T23:11:49.6447355+02:00" testType="13cdc9d9-ddb5-4fa4-a97d-d965ccfc6d4b" outcome="Passed" testListId="8c84fa94-04c1-424b-9868-57a2d4851a1d" relativeResultsDirectory="b752792f-b59c-4d3e-b82a-cebdec8d5952">
    </UnitTestResult>
    <UnitTestResult executionId="a0f99d3d-9d50-4de5-a2d0-5c2cb0203382" testId="52ade19f-d4f0-0bba-2925-9262045aae1f" testName="InboxDAOConstructorTest" computerName="SKIM" duration="00:00:00.0148742" startTime="2012-10-25T23:11:49.6457355+02:00" endTime="2012-10-25T23:11:49.7337406+02:00" testType="13cdc9d9-ddb5-4fa4-a97d-d965ccfc6d4b" outcome="Passed" testListId="8c84fa94-04c1-424b-9868-57a2d4851a1d" relativeResultsDirectory="a0f99d3d-9d50-4de5-a2d0-5c2cb0203382">
    </UnitTestResult>
    <UnitTestResult executionId="23bea8fb-dfc7-4af8-a679-c80cdfde3941" testId="fc801932-ad80-9d42-ac0a-65f2da797308" testName="KeyWordDAOConstructorTest" computerName="SKIM" duration="00:00:00.0079812" startTime="2012-10-25T23:11:49.7357407+02:00" endTime="2012-10-25T23:11:49.8077448+02:00" testType="13cdc9d9-ddb5-4fa4-a97d-d965ccfc6d4b" outcome="Passed" testListId="8c84fa94-04c1-424b-9868-57a2d4851a1d" relativeResultsDirectory="23bea8fb-dfc7-4af8-a679-c80cdfde3941">
    </UnitTestResult>
    <UnitTestResult executionId="5395ba65-efe6-4570-8ce0-065a7a3fab2b" testId="d0654bd4-fcbb-1d9a-33ca-ef8fb270654f" testName="LanguageDAOConstructorTest" computerName="SKIM" duration="00:00:00.0118205" startTime="2012-10-25T23:11:49.8087449+02:00" endTime="2012-10-25T23:11:49.8637480+02:00" testType="13cdc9d9-ddb5-4fa4-a97d-d965ccfc6d4b" outcome="Passed" testListId="8c84fa94-04c1-424b-9868-57a2d4851a1d" relativeResultsDirectory="5395ba65-efe6-4570-8ce0-065a7a3fab2b">
    </UnitTestResult>
    <UnitTestResult executionId="8a75f09a-320d-4cbc-b9d7-519471d12ad4" testId="a3262a21-4804-a2aa-4ef0-2f5dd856e6b6" testName="LicenseDAOConstructorTest" computerName="SKIM" duration="00:00:00.2415888" startTime="2012-10-25T23:11:49.8647481+02:00" endTime="2012-10-25T23:11:50.1507644+02:00" testType="13cdc9d9-ddb5-4fa4-a97d-d965ccfc6d4b" outcome="Passed" testListId="8c84fa94-04c1-424b-9868-57a2d4851a1d" relativeResultsDirectory="8a75f09a-320d-4cbc-b9d7-519471d12ad4">
    </UnitTestResult>
    <UnitTestResult executionId="c46c917a-6335-4336-84c6-df058d659fcf" testId="bf478dc6-3e8d-c2a8-0e8a-a118795f7c05" testName="SupportDocDAOConstructorTest" computerName="SKIM" duration="00:00:00.0118056" startTime="2012-10-25T23:11:50.1527645+02:00" endTime="2012-10-25T23:11:50.2107679+02:00" testType="13cdc9d9-ddb5-4fa4-a97d-d965ccfc6d4b" outcome="Passed" testListId="8c84fa94-04c1-424b-9868-57a2d4851a1d" relativeResultsDirectory="c46c917a-6335-4336-84c6-df058d659fcf">
    </UnitTestResult>
    <UnitTestResult executionId="b5c1b51f-0bff-486f-8651-2d837cd511a1" testId="061f4e50-6efb-79bd-61c1-8df6538e1bfc" testName="UserDAOConstructorTest" computerName="SKIM" duration="00:00:00.0135143" startTime="2012-10-25T23:11:50.2117679+02:00" endTime="2012-10-25T23:11:50.2747715+02:00" testType="13cdc9d9-ddb5-4fa4-a97d-d965ccfc6d4b" outcome="Passed" testListId="8c84fa94-04c1-424b-9868-57a2d4851a1d" relativeResultsDirectory="b5c1b51f-0bff-486f-8651-2d837cd511a1">
    </UnitTestResult>
    <UnitTestResult executionId="020b46f7-2f0c-479d-bca1-cdf494c86c9d" testId="936e2ee4-1793-6bdd-fbf7-11479f4b344b" testName="VacancyDAOConstructorTest" computerName="SKIM" duration="00:00:00.1037132" startTime="2012-10-25T23:11:50.2777717+02:00" endTime="2012-10-25T23:11:50.4277803+02:00" testType="13cdc9d9-ddb5-4fa4-a97d-d965ccfc6d4b" outcome="Passed" testListId="8c84fa94-04c1-424b-9868-57a2d4851a1d" relativeResultsDirectory="020b46f7-2f0c-479d-bca1-cdf494c86c9d">
    </UnitTestResult>
    <UnitTestResult executionId="3656c101-f6ae-4463-8f35-f6c6ba69b845" testId="3febcfad-b820-50ff-42a7-2e98006a2a12" testName="VacancyKillerQuestionDAOConstructorTest" computerName="SKIM" duration="00:00:00.0095286" startTime="2012-10-25T23:11:50.4287803+02:00" endTime="2012-10-25T23:11:50.4817834+02:00" testType="13cdc9d9-ddb5-4fa4-a97d-d965ccfc6d4b" outcome="Passed" testListId="8c84fa94-04c1-424b-9868-57a2d4851a1d" relativeResultsDirectory="3656c101-f6ae-4463-8f35-f6c6ba69b845">
    </UnitTestResult>
  </Results>
</TestRun>