<?xml version="1.0" encoding="UTF-8"?>
<TestRun id="549cfc78-9f4c-43a1-ab76-096749e16afa" name="griddy@SKIM 2012-10-25 23:12:34" runUser="skim\griddy" xmlns="http://microsoft.com/schemas/VisualStudio/TeamTest/2010">
  <TestSettings name="Local" id="754dac9d-a171-4ffd-bfcc-06084ea7a650">
    <Description>These are default test settings for a local test run.</Description>
    <Deployment enabled="false" runDeploymentRoot="griddy_SKIM 2012-10-25 23_12_34">
      <DeploymentItem filename="C:\Users\griddy\Documents\Visual Studio 2010\CareersProject\DAL\DAL\bin\DAL.dll" />
    </Deployment>
    <Execution>
      <TestTypeSpecific />
      <AgentRule name="Execution Agents">
      </AgentRule>
    </Execution>
  </TestSettings>
  <Times creation="2012-10-25T23:12:34.0892776+02:00" queuing="2012-10-25T23:12:34.1382804+02:00" start="2012-10-25T23:12:34.1452808+02:00" finish="2012-10-25T23:12:58.1896560+02:00" />
  <ResultSummary outcome="Completed">
    <Counters total="17" executed="17" passed="17" error="0" failed="0" timeout="0" aborted="0" inconclusive="0" passedButRunAborted="0" notRunnable="0" notExecuted="0" disconnected="0" warning="0" completed="0" inProgress="0" pending="0" />
  </ResultSummary>
  <TestDefinitions>
    <UnitTest name="VacancyKillerQuestionDAOConstructorTest" storage="c:\users\griddy\documents\visual studio 2010\careersproject\testcases\bin\debug\testcases.dll" id="3febcfad-b820-50ff-42a7-2e98006a2a12">
      <Execution id="8e47c8cb-e74d-4905-b4dc-b034c9738a3d" />
      <TestMethod codeBase="C:/Users/griddy/Documents/Visual Studio 2010/CareersProject/TestCases/bin/Debug/TestCases.DLL" adapterTypeName="Microsoft.VisualStudio.TestTools.TestTypes.Unit.UnitTestAdapter, Microsoft.VisualStudio.QualityTools.Tips.UnitTest.Adapter, Version=10.0.0.0, Culture=neutral, PublicKeyToken=b03f5f7f11d50a3a" className="TestCases.VacancyKillerQuestionDAOTest, TestCases, Version=1.0.0.0, Culture=neutral, PublicKeyToken=null" name="VacancyKillerQuestionDAOConstructorTest" />
      <AspNet webSiteUrl="http://localhost:3534/">
        <Host pathToWebApp="%PathToWebRoot%\..\CareersProject\DAL\DAL" webAppRoot="/" />
      </AspNet>
    </UnitTest>
    <UnitTest name="ApplicationDAOConstructorTest" storage="c:\users\griddy\documents\visual studio 2010\careersproject\testcases\bin\debug\testcases.dll" id="cb602bfc-b894-a16e-d44a-c73f8789a62e">
      <Execution id="8241615a-6627-41ab-b68d-e0baf8f0fb19" />
      <TestMethod codeBase="C:/Users/griddy/Documents/Visual Studio 2010/CareersProject/TestCases/bin/Debug/TestCases.DLL" adapterTypeName="Microsoft.VisualStudio.TestTools.TestTypes.Unit.UnitTestAdapter, Microsoft.VisualStudio.QualityTools.Tips.UnitTest.Adapter, Version=10.0.0.0, Culture=neutral, PublicKeyToken=b03f5f7f11d50a3a" className="TestCases.ApplicationDAOTest, TestCases, Version=1.0.0.0, Culture=neutral, PublicKeyToken=null" name="ApplicationDAOConstructorTest" />
      <AspNet webSiteUrl="http://localhost:3534/">
        <Host pathToWebApp="%PathToWebRoot%\..\CareersProject\DAL\DAL" webAppRoot="/" />
      </AspNet>
    </UnitTest>
    <UnitTest name="ContactInfoDAOConstructorTest" storage="c:\users\griddy\documents\visual studio 2010\careersproject\testcases\bin\debug\testcases.dll" id="ae3ff0e8-bb64-5264-a976-22bbdc3e81aa">
      <Execution id="9e13ee4d-8b6f-4e95-af08-8d210964aac9" />
      <TestMethod codeBase="C:/Users/griddy/Documents/Visual Studio 2010/CareersProject/TestCases/bin/Debug/TestCases.DLL" adapterTypeName="Microsoft.VisualStudio.TestTools.TestTypes.Unit.UnitTestAdapter, Microsoft.VisualStudio.QualityTools.Tips.UnitTest.Adapter, Version=10.0.0.0, Culture=neutral, PublicKeyToken=b03f5f7f11d50a3a" className="TestCases.ContactInfoDAOTest, TestCases, Version=1.0.0.0, Culture=neutral, PublicKeyToken=null" name="ContactInfoDAOConstructorTest" />
      <AspNet webSiteUrl="http://localhost:3534/">
        <Host pathToWebApp="%PathToWebRoot%\..\CareersProject\DAL\DAL" webAppRoot="/" />
      </AspNet>
    </UnitTest>
    <UnitTest name="AddressDAOConstructorTest" storage="c:\users\griddy\documents\visual studio 2010\careersproject\testcases\bin\debug\testcases.dll" id="8296ca6f-80e4-d230-6b6d-24719d8e713a">
      <Execution id="125ab458-92ac-4870-ac30-43659b829a54" />
      <TestMethod codeBase="C:/Users/griddy/Documents/Visual Studio 2010/CareersProject/TestCases/bin/Debug/TestCases.DLL" adapterTypeName="Microsoft.VisualStudio.TestTools.TestTypes.Unit.UnitTestAdapter, Microsoft.VisualStudio.QualityTools.Tips.UnitTest.Adapter, Version=10.0.0.0, Culture=neutral, PublicKeyToken=b03f5f7f11d50a3a" className="TestCases.AddressDAOTest, TestCases, Version=1.0.0.0, Culture=neutral, PublicKeyToken=null" name="AddressDAOConstructorTest" />
      <AspNet webSiteUrl="http://localhost:3534/">
        <Host pathToWebApp="%PathToWebRoot%\..\CareersProject\DAL\DAL" webAppRoot="/" />
      </AspNet>
    </UnitTest>
    <UnitTest name="UserDAOConstructorTest" storage="c:\users\griddy\documents\visual studio 2010\careersproject\testcases\bin\debug\testcases.dll" id="061f4e50-6efb-79bd-61c1-8df6538e1bfc">
      <Execution id="514d2cf6-d5c3-4f0e-a906-c7d9b255ded1" />
      <TestMethod codeBase="C:/Users/griddy/Documents/Visual Studio 2010/CareersProject/TestCases/bin/Debug/TestCases.DLL" adapterTypeName="Microsoft.VisualStudio.TestTools.TestTypes.Unit.UnitTestAdapter, Microsoft.VisualStudio.QualityTools.Tips.UnitTest.Adapter, Version=10.0.0.0, Culture=neutral, PublicKeyToken=b03f5f7f11d50a3a" className="TestCases.UserDAOTest, TestCases, Version=1.0.0.0, Culture=neutral, PublicKeyToken=null" name="UserDAOConstructorTest" />
      <AspNet webSiteUrl="http://localhost:3534/">
        <Host pathToWebApp="%PathToWebRoot%\..\CareersProject\DAL\DAL" webAppRoot="/" />
      </AspNet>
    </UnitTest>
    <UnitTest name="VacancyDAOConstructorTest" storage="c:\users\griddy\documents\visual studio 2010\careersproject\testcases\bin\debug\testcases.dll" id="936e2ee4-1793-6bdd-fbf7-11479f4b344b">
      <Execution id="0fb440bb-ff17-4d79-8fc1-f1a7418bc24d" />
      <TestMethod codeBase="C:/Users/griddy/Documents/Visual Studio 2010/CareersProject/TestCases/bin/Debug/TestCases.DLL" adapterTypeName="Microsoft.VisualStudio.TestTools.TestTypes.Unit.UnitTestAdapter, Microsoft.VisualStudio.QualityTools.Tips.UnitTest.Adapter, Version=10.0.0.0, Culture=neutral, PublicKeyToken=b03f5f7f11d50a3a" className="TestCases.VacancyDAOTest, TestCases, Version=1.0.0.0, Culture=neutral, PublicKeyToken=null" name="VacancyDAOConstructorTest" />
      <AspNet webSiteUrl="http://localhost:3534/">
        <Host pathToWebApp="%PathToWebRoot%\..\CareersProject\DAL\DAL" webAppRoot="/" />
      </AspNet>
    </UnitTest>
    <UnitTest name="KeyWordDAOConstructorTest" storage="c:\users\griddy\documents\visual studio 2010\careersproject\testcases\bin\debug\testcases.dll" id="fc801932-ad80-9d42-ac0a-65f2da797308">
      <Execution id="656dec7a-6dd8-4d57-8a75-b069c3229d01" />
      <TestMethod codeBase="C:/Users/griddy/Documents/Visual Studio 2010/CareersProject/TestCases/bin/Debug/TestCases.DLL" adapterTypeName="Microsoft.VisualStudio.TestTools.TestTypes.Unit.UnitTestAdapter, Microsoft.VisualStudio.QualityTools.Tips.UnitTest.Adapter, Version=10.0.0.0, Culture=neutral, PublicKeyToken=b03f5f7f11d50a3a" className="TestCases.KeyWordDAOTest, TestCases, Version=1.0.0.0, Culture=neutral, PublicKeyToken=null" name="KeyWordDAOConstructorTest" />
      <AspNet webSiteUrl="http://localhost:3534/">
        <Host pathToWebApp="%PathToWebRoot%\..\CareersProject\DAL\DAL" webAppRoot="/" />
      </AspNet>
    </UnitTest>
    <UnitTest name="InboxDAOConstructorTest" storage="c:\users\griddy\documents\visual studio 2010\careersproject\testcases\bin\debug\testcases.dll" id="52ade19f-d4f0-0bba-2925-9262045aae1f">
      <Execution id="cbbb8c4c-4606-49fc-a35b-f241dde0bd4e" />
      <TestMethod codeBase="C:/Users/griddy/Documents/Visual Studio 2010/CareersProject/TestCases/bin/Debug/TestCases.DLL" adapterTypeName="Microsoft.VisualStudio.TestTools.TestTypes.Unit.UnitTestAdapter, Microsoft.VisualStudio.QualityTools.Tips.UnitTest.Adapter, Version=10.0.0.0, Culture=neutral, PublicKeyToken=b03f5f7f11d50a3a" className="TestCases.InboxDAOTest, TestCases, Version=1.0.0.0, Culture=neutral, PublicKeyToken=null" name="InboxDAOConstructorTest" />
      <AspNet webSiteUrl="http://localhost:3534/">
        <Host pathToWebApp="%PathToWebRoot%\..\CareersProject\DAL\DAL" webAppRoot="/" />
      </AspNet>
    </UnitTest>
    <UnitTest name="BasicEduSubjectDAOConstructorTest" storage="c:\users\griddy\documents\visual studio 2010\careersproject\testcases\bin\debug\testcases.dll" id="4588a81a-7911-ae84-bb3a-a0204bac7bae">
      <Execution id="bcc81c8e-a9cb-4656-8384-10faf296c4f3" />
      <TestMethod codeBase="C:/Users/griddy/Documents/Visual Studio 2010/CareersProject/TestCases/bin/Debug/TestCases.DLL" adapterTypeName="Microsoft.VisualStudio.TestTools.TestTypes.Unit.UnitTestAdapter, Microsoft.VisualStudio.QualityTools.Tips.UnitTest.Adapter, Version=10.0.0.0, Culture=neutral, PublicKeyToken=b03f5f7f11d50a3a" className="TestCases.BasicEduSubjectDAOTest, TestCases, Version=1.0.0.0, Culture=neutral, PublicKeyToken=null" name="BasicEduSubjectDAOConstructorTest" />
      <AspNet webSiteUrl="http://localhost:3534/">
        <Host pathToWebApp="%PathToWebRoot%\..\CareersProject\DAL\DAL" webAppRoot="/" />
      </AspNet>
    </UnitTest>
    <UnitTest name="LicenseDAOConstructorTest" storage="c:\users\griddy\documents\visual studio 2010\careersproject\testcases\bin\debug\testcases.dll" id="a3262a21-4804-a2aa-4ef0-2f5dd856e6b6">
      <Execution id="c684d296-2542-44ea-a458-bef8d47c2340" />
      <TestMethod codeBase="C:/Users/griddy/Documents/Visual Studio 2010/CareersProject/TestCases/bin/Debug/TestCases.DLL" adapterTypeName="Microsoft.VisualStudio.TestTools.TestTypes.Unit.UnitTestAdapter, Microsoft.VisualStudio.QualityTools.Tips.UnitTest.Adapter, Version=10.0.0.0, Culture=neutral, PublicKeyToken=b03f5f7f11d50a3a" className="TestCases.LicenseDAOTest, TestCases, Version=1.0.0.0, Culture=neutral, PublicKeyToken=null" name="LicenseDAOConstructorTest" />
      <AspNet webSiteUrl="http://localhost:3534/">
        <Host pathToWebApp="%PathToWebRoot%\..\CareersProject\DAL\DAL" webAppRoot="/" />
      </AspNet>
    </UnitTest>
    <UnitTest name="HigherEducationDAOConstructorTest" storage="c:\users\griddy\documents\visual studio 2010\careersproject\testcases\bin\debug\testcases.dll" id="920fd339-3c76-e786-9d23-6870fe085554">
      <Execution id="3029ff11-4bdb-4779-be5a-2ab2f08b1777" />
      <TestMethod codeBase="C:/Users/griddy/Documents/Visual Studio 2010/CareersProject/TestCases/bin/Debug/TestCases.DLL" adapterTypeName="Microsoft.VisualStudio.TestTools.TestTypes.Unit.UnitTestAdapter, Microsoft.VisualStudio.QualityTools.Tips.UnitTest.Adapter, Version=10.0.0.0, Culture=neutral, PublicKeyToken=b03f5f7f11d50a3a" className="TestCases.HigherEducationDAOTest, TestCases, Version=1.0.0.0, Culture=neutral, PublicKeyToken=null" name="HigherEducationDAOConstructorTest" />
      <AspNet webSiteUrl="http://localhost:3534/">
        <Host pathToWebApp="%PathToWebRoot%\..\CareersProject\DAL\DAL" webAppRoot="/" />
      </AspNet>
    </UnitTest>
    <UnitTest name="SupportDocDAOConstructorTest" storage="c:\users\griddy\documents\visual studio 2010\careersproject\testcases\bin\debug\testcases.dll" id="bf478dc6-3e8d-c2a8-0e8a-a118795f7c05">
      <Execution id="a1832ccc-358a-456c-b18e-6e7debf93612" />
      <TestMethod codeBase="C:/Users/griddy/Documents/Visual Studio 2010/CareersProject/TestCases/bin/Debug/TestCases.DLL" adapterTypeName="Microsoft.VisualStudio.TestTools.TestTypes.Unit.UnitTestAdapter, Microsoft.VisualStudio.QualityTools.Tips.UnitTest.Adapter, Version=10.0.0.0, Culture=neutral, PublicKeyToken=b03f5f7f11d50a3a" className="TestCases.SupportDocDAOTest, TestCases, Version=1.0.0.0, Culture=neutral, PublicKeyToken=null" name="SupportDocDAOConstructorTest" />
      <AspNet webSiteUrl="http://localhost:3534/">
        <Host pathToWebApp="%PathToWebRoot%\..\CareersProject\DAL\DAL" webAppRoot="/" />
      </AspNet>
    </UnitTest>
    <UnitTest name="DisabilityDAOConstructorTest" storage="c:\users\griddy\documents\visual studio 2010\careersproject\testcases\bin\debug\testcases.dll" id="a7a67b55-026d-7fae-3532-59ae01cadc54">
      <Execution id="dee4e5d7-608c-4507-9d65-97d1f4fe74b0" />
      <TestMethod codeBase="C:/Users/griddy/Documents/Visual Studio 2010/CareersProject/TestCases/bin/Debug/TestCases.DLL" adapterTypeName="Microsoft.VisualStudio.TestTools.TestTypes.Unit.UnitTestAdapter, Microsoft.VisualStudio.QualityTools.Tips.UnitTest.Adapter, Version=10.0.0.0, Culture=neutral, PublicKeyToken=b03f5f7f11d50a3a" className="TestCases.DisabilityDAOTest, TestCases, Version=1.0.0.0, Culture=neutral, PublicKeyToken=null" name="DisabilityDAOConstructorTest" />
      <AspNet webSiteUrl="http://localhost:3534/">
        <Host pathToWebApp="%PathToWebRoot%\..\CareersProject\DAL\DAL" webAppRoot="/" />
      </AspNet>
    </UnitTest>
    <UnitTest name="AccountDAOConstructorTest" storage="c:\users\griddy\documents\visual studio 2010\careersproject\testcases\bin\debug\testcases.dll" id="801a05f5-3864-fa5f-4bfd-17c2d5b5c07a">
      <Execution id="5981dcc8-e0e9-43af-a827-fa3602f7131a" />
      <TestMethod codeBase="C:/Users/griddy/Documents/Visual Studio 2010/CareersProject/TestCases/bin/Debug/TestCases.DLL" adapterTypeName="Microsoft.VisualStudio.TestTools.TestTypes.Unit.UnitTestAdapter, Microsoft.VisualStudio.QualityTools.Tips.UnitTest.Adapter, Version=10.0.0.0, Culture=neutral, PublicKeyToken=b03f5f7f11d50a3a" className="TestCases.AccountDAOTest, TestCases, Version=1.0.0.0, Culture=neutral, PublicKeyToken=null" name="AccountDAOConstructorTest" />
      <AspNet webSiteUrl="http://localhost:3534/">
        <Host pathToWebApp="%PathToWebRoot%\..\CareersProject\DAL\DAL" webAppRoot="/" />
      </AspNet>
    </UnitTest>
    <UnitTest name="LanguageDAOConstructorTest" storage="c:\users\griddy\documents\visual studio 2010\careersproject\testcases\bin\debug\testcases.dll" id="d0654bd4-fcbb-1d9a-33ca-ef8fb270654f">
      <Execution id="695be81d-5eae-4c9d-8cdd-c11f3577f1b2" />
      <TestMethod codeBase="C:/Users/griddy/Documents/Visual Studio 2010/CareersProject/TestCases/bin/Debug/TestCases.DLL" adapterTypeName="Microsoft.VisualStudio.TestTools.TestTypes.Unit.UnitTestAdapter, Microsoft.VisualStudio.QualityTools.Tips.UnitTest.Adapter, Version=10.0.0.0, Culture=neutral, PublicKeyToken=b03f5f7f11d50a3a" className="TestCases.LanguageDAOTest, TestCases, Version=1.0.0.0, Culture=neutral, PublicKeyToken=null" name="LanguageDAOConstructorTest" />
      <AspNet webSiteUrl="http://localhost:3534/">
        <Host pathToWebApp="%PathToWebRoot%\..\CareersProject\DAL\DAL" webAppRoot="/" />
      </AspNet>
    </UnitTest>
    <UnitTest name="BasicEduDAOConstructorTest" storage="c:\users\griddy\documents\visual studio 2010\careersproject\testcases\bin\debug\testcases.dll" id="a05d6b3b-b351-72cb-6f32-2c24f4df40f8">
      <Execution id="faff453a-5215-4fa8-a5f9-07a576e973e3" />
      <TestMethod codeBase="C:/Users/griddy/Documents/Visual Studio 2010/CareersProject/TestCases/bin/Debug/TestCases.DLL" adapterTypeName="Microsoft.VisualStudio.TestTools.TestTypes.Unit.UnitTestAdapter, Microsoft.VisualStudio.QualityTools.Tips.UnitTest.Adapter, Version=10.0.0.0, Culture=neutral, PublicKeyToken=b03f5f7f11d50a3a" className="TestCases.BasicEduDAOTest, TestCases, Version=1.0.0.0, Culture=neutral, PublicKeyToken=null" name="BasicEduDAOConstructorTest" />
      <AspNet webSiteUrl="http://localhost:3534/">
        <Host pathToWebApp="%PathToWebRoot%\..\CareersProject\DAL\DAL" webAppRoot="/" />
      </AspNet>
    </UnitTest>
    <UnitTest name="EmploymentDAOConstructorTest" storage="c:\users\griddy\documents\visual studio 2010\careersproject\testcases\bin\debug\testcases.dll" id="34819300-cfa1-046a-c70c-c0b8c29d239b">
      <Execution id="7575107f-e2f1-46a7-aa8b-4790082ab3af" />
      <TestMethod codeBase="C:/Users/griddy/Documents/Visual Studio 2010/CareersProject/TestCases/bin/Debug/TestCases.DLL" adapterTypeName="Microsoft.VisualStudio.TestTools.TestTypes.Unit.UnitTestAdapter, Microsoft.VisualStudio.QualityTools.Tips.UnitTest.Adapter, Version=10.0.0.0, Culture=neutral, PublicKeyToken=b03f5f7f11d50a3a" className="TestCases.EmploymentDAOTest, TestCases, Version=1.0.0.0, Culture=neutral, PublicKeyToken=null" name="EmploymentDAOConstructorTest" />
      <AspNet webSiteUrl="http://localhost:3534/">
        <Host pathToWebApp="%PathToWebRoot%\..\CareersProject\DAL\DAL" webAppRoot="/" />
      </AspNet>
    </UnitTest>
  </TestDefinitions>
  <TestLists>
    <TestList name="Results Not in a List" id="8c84fa94-04c1-424b-9868-57a2d4851a1d" />
    <TestList name="All Loaded Results" id="19431567-8539-422a-85d7-44ee4e166bda" />
  </TestLists>
  <TestEntries>
    <TestEntry testId="061f4e50-6efb-79bd-61c1-8df6538e1bfc" executionId="514d2cf6-d5c3-4f0e-a906-c7d9b255ded1" testListId="8c84fa94-04c1-424b-9868-57a2d4851a1d" />
    <TestEntry testId="34819300-cfa1-046a-c70c-c0b8c29d239b" executionId="7575107f-e2f1-46a7-aa8b-4790082ab3af" testListId="8c84fa94-04c1-424b-9868-57a2d4851a1d" />
    <TestEntry testId="3febcfad-b820-50ff-42a7-2e98006a2a12" executionId="8e47c8cb-e74d-4905-b4dc-b034c9738a3d" testListId="8c84fa94-04c1-424b-9868-57a2d4851a1d" />
    <TestEntry testId="4588a81a-7911-ae84-bb3a-a0204bac7bae" executionId="bcc81c8e-a9cb-4656-8384-10faf296c4f3" testListId="8c84fa94-04c1-424b-9868-57a2d4851a1d" />
    <TestEntry testId="52ade19f-d4f0-0bba-2925-9262045aae1f" executionId="cbbb8c4c-4606-49fc-a35b-f241dde0bd4e" testListId="8c84fa94-04c1-424b-9868-57a2d4851a1d" />
    <TestEntry testId="801a05f5-3864-fa5f-4bfd-17c2d5b5c07a" executionId="5981dcc8-e0e9-43af-a827-fa3602f7131a" testListId="8c84fa94-04c1-424b-9868-57a2d4851a1d" />
    <TestEntry testId="8296ca6f-80e4-d230-6b6d-24719d8e713a" executionId="125ab458-92ac-4870-ac30-43659b829a54" testListId="8c84fa94-04c1-424b-9868-57a2d4851a1d" />
    <TestEntry testId="920fd339-3c76-e786-9d23-6870fe085554" executionId="3029ff11-4bdb-4779-be5a-2ab2f08b1777" testListId="8c84fa94-04c1-424b-9868-57a2d4851a1d" />
    <TestEntry testId="936e2ee4-1793-6bdd-fbf7-11479f4b344b" executionId="0fb440bb-ff17-4d79-8fc1-f1a7418bc24d" testListId="8c84fa94-04c1-424b-9868-57a2d4851a1d" />
    <TestEntry testId="a05d6b3b-b351-72cb-6f32-2c24f4df40f8" executionId="faff453a-5215-4fa8-a5f9-07a576e973e3" testListId="8c84fa94-04c1-424b-9868-57a2d4851a1d" />
    <TestEntry testId="a3262a21-4804-a2aa-4ef0-2f5dd856e6b6" executionId="c684d296-2542-44ea-a458-bef8d47c2340" testListId="8c84fa94-04c1-424b-9868-57a2d4851a1d" />
    <TestEntry testId="a7a67b55-026d-7fae-3532-59ae01cadc54" executionId="dee4e5d7-608c-4507-9d65-97d1f4fe74b0" testListId="8c84fa94-04c1-424b-9868-57a2d4851a1d" />
    <TestEntry testId="ae3ff0e8-bb64-5264-a976-22bbdc3e81aa" executionId="9e13ee4d-8b6f-4e95-af08-8d210964aac9" testListId="8c84fa94-04c1-424b-9868-57a2d4851a1d" />
    <TestEntry testId="bf478dc6-3e8d-c2a8-0e8a-a118795f7c05" executionId="a1832ccc-358a-456c-b18e-6e7debf93612" testListId="8c84fa94-04c1-424b-9868-57a2d4851a1d" />
    <TestEntry testId="cb602bfc-b894-a16e-d44a-c73f8789a62e" executionId="8241615a-6627-41ab-b68d-e0baf8f0fb19" testListId="8c84fa94-04c1-424b-9868-57a2d4851a1d" />
    <TestEntry testId="d0654bd4-fcbb-1d9a-33ca-ef8fb270654f" executionId="695be81d-5eae-4c9d-8cdd-c11f3577f1b2" testListId="8c84fa94-04c1-424b-9868-57a2d4851a1d" />
    <TestEntry testId="fc801932-ad80-9d42-ac0a-65f2da797308" executionId="656dec7a-6dd8-4d57-8a75-b069c3229d01" testListId="8c84fa94-04c1-424b-9868-57a2d4851a1d" />
  </TestEntries>
  <Results>
    <UnitTestResult executionId="514d2cf6-d5c3-4f0e-a906-c7d9b255ded1" testId="061f4e50-6efb-79bd-61c1-8df6538e1bfc" testName="UserDAOConstructorTest" computerName="SKIM" duration="00:00:00.0572035" startTime="2012-10-25T23:12:34.1482809+02:00" endTime="2012-10-25T23:12:55.2364871+02:00" testType="13cdc9d9-ddb5-4fa4-a97d-d965ccfc6d4b" outcome="Passed" testListId="8c84fa94-04c1-424b-9868-57a2d4851a1d" relativeResultsDirectory="514d2cf6-d5c3-4f0e-a906-c7d9b255ded1">
    </UnitTestResult>
    <UnitTestResult executionId="7575107f-e2f1-46a7-aa8b-4790082ab3af" testId="34819300-cfa1-046a-c70c-c0b8c29d239b" testName="EmploymentDAOConstructorTest" computerName="SKIM" duration="00:00:00.0483793" startTime="2012-10-25T23:12:55.2374872+02:00" endTime="2012-10-25T23:12:55.6155088+02:00" testType="13cdc9d9-ddb5-4fa4-a97d-d965ccfc6d4b" outcome="Passed" testListId="8c84fa94-04c1-424b-9868-57a2d4851a1d" relativeResultsDirectory="7575107f-e2f1-46a7-aa8b-4790082ab3af">
    </UnitTestResult>
    <UnitTestResult executionId="8e47c8cb-e74d-4905-b4dc-b034c9738a3d" testId="3febcfad-b820-50ff-42a7-2e98006a2a12" testName="VacancyKillerQuestionDAOConstructorTest" computerName="SKIM" duration="00:00:00.0155245" startTime="2012-10-25T23:12:55.6165088+02:00" endTime="2012-10-25T23:12:55.6785124+02:00" testType="13cdc9d9-ddb5-4fa4-a97d-d965ccfc6d4b" outcome="Passed" testListId="8c84fa94-04c1-424b-9868-57a2d4851a1d" relativeResultsDirectory="8e47c8cb-e74d-4905-b4dc-b034c9738a3d">
    </UnitTestResult>
    <UnitTestResult executionId="bcc81c8e-a9cb-4656-8384-10faf296c4f3" testId="4588a81a-7911-ae84-bb3a-a0204bac7bae" testName="BasicEduSubjectDAOConstructorTest" computerName="SKIM" duration="00:00:00.0165428" startTime="2012-10-25T23:12:55.6805125+02:00" endTime="2012-10-25T23:12:55.7635173+02:00" testType="13cdc9d9-ddb5-4fa4-a97d-d965ccfc6d4b" outcome="Passed" testListId="8c84fa94-04c1-424b-9868-57a2d4851a1d" relativeResultsDirectory="bcc81c8e-a9cb-4656-8384-10faf296c4f3">
    </UnitTestResult>
    <UnitTestResult executionId="cbbb8c4c-4606-49fc-a35b-f241dde0bd4e" testId="52ade19f-d4f0-0bba-2925-9262045aae1f" testName="InboxDAOConstructorTest" computerName="SKIM" duration="00:00:00.0151415" startTime="2012-10-25T23:12:55.7655174+02:00" endTime="2012-10-25T23:12:55.8265209+02:00" testType="13cdc9d9-ddb5-4fa4-a97d-d965ccfc6d4b" outcome="Passed" testListId="8c84fa94-04c1-424b-9868-57a2d4851a1d" relativeResultsDirectory="cbbb8c4c-4606-49fc-a35b-f241dde0bd4e">
    </UnitTestResult>
    <UnitTestResult executionId="5981dcc8-e0e9-43af-a827-fa3602f7131a" testId="801a05f5-3864-fa5f-4bfd-17c2d5b5c07a" testName="AccountDAOConstructorTest" computerName="SKIM" duration="00:00:00.0092384" startTime="2012-10-25T23:12:55.8275209+02:00" endTime="2012-10-25T23:12:55.8815240+02:00" testType="13cdc9d9-ddb5-4fa4-a97d-d965ccfc6d4b" outcome="Passed" testListId="8c84fa94-04c1-424b-9868-57a2d4851a1d" relativeResultsDirectory="5981dcc8-e0e9-43af-a827-fa3602f7131a">
    </UnitTestResult>
    <UnitTestResult executionId="125ab458-92ac-4870-ac30-43659b829a54" testId="8296ca6f-80e4-d230-6b6d-24719d8e713a" testName="AddressDAOConstructorTest" computerName="SKIM" duration="00:00:00.0132830" startTime="2012-10-25T23:12:55.8845242+02:00" endTime="2012-10-25T23:12:55.9485278+02:00" testType="13cdc9d9-ddb5-4fa4-a97d-d965ccfc6d4b" outcome="Passed" testListId="8c84fa94-04c1-424b-9868-57a2d4851a1d" relativeResultsDirectory="125ab458-92ac-4870-ac30-43659b829a54">
    </UnitTestResult>
    <UnitTestResult executionId="3029ff11-4bdb-4779-be5a-2ab2f08b1777" testId="920fd339-3c76-e786-9d23-6870fe085554" testName="HigherEducationDAOConstructorTest" computerName="SKIM" duration="00:00:00.0134084" startTime="2012-10-25T23:12:55.9505280+02:00" endTime="2012-10-25T23:12:56.0105314+02:00" testType="13cdc9d9-ddb5-4fa4-a97d-d965ccfc6d4b" outcome="Passed" testListId="8c84fa94-04c1-424b-9868-57a2d4851a1d" relativeResultsDirectory="3029ff11-4bdb-4779-be5a-2ab2f08b1777">
    </UnitTestResult>
    <UnitTestResult executionId="0fb440bb-ff17-4d79-8fc1-f1a7418bc24d" testId="936e2ee4-1793-6bdd-fbf7-11479f4b344b" testName="VacancyDAOConstructorTest" computerName="SKIM" duration="00:00:00.0058456" startTime="2012-10-25T23:12:56.0125315+02:00" endTime="2012-10-25T23:12:56.0605342+02:00" testType="13cdc9d9-ddb5-4fa4-a97d-d965ccfc6d4b" outcome="Passed" testListId="8c84fa94-04c1-424b-9868-57a2d4851a1d" relativeResultsDirectory="0fb440bb-ff17-4d79-8fc1-f1a7418bc24d">
    </UnitTestResult>
    <UnitTestResult executionId="faff453a-5215-4fa8-a5f9-07a576e973e3" testId="a05d6b3b-b351-72cb-6f32-2c24f4df40f8" testName="BasicEduDAOConstructorTest" computerName="SKIM" duration="00:00:00.0086306" startTime="2012-10-25T23:12:56.0625344+02:00" endTime="2012-10-25T23:12:56.1165374+02:00" testType="13cdc9d9-ddb5-4fa4-a97d-d965ccfc6d4b" outcome="Passed" testListId="8c84fa94-04c1-424b-9868-57a2d4851a1d" relativeResultsDirectory="faff453a-5215-4fa8-a5f9-07a576e973e3">
    </UnitTestResult>
    <UnitTestResult executionId="c684d296-2542-44ea-a458-bef8d47c2340" testId="a3262a21-4804-a2aa-4ef0-2f5dd856e6b6" testName="LicenseDAOConstructorTest" computerName="SKIM" duration="00:00:00.0083036" startTime="2012-10-25T23:12:56.1185376+02:00" endTime="2012-10-25T23:12:56.1705405+02:00" testType="13cdc9d9-ddb5-4fa4-a97d-d965ccfc6d4b" outcome="Passed" testListId="8c84fa94-04c1-424b-9868-57a2d4851a1d" relativeResultsDirectory="c684d296-2542-44ea-a458-bef8d47c2340">
    </UnitTestResult>
    <UnitTestResult executionId="dee4e5d7-608c-4507-9d65-97d1f4fe74b0" testId="a7a67b55-026d-7fae-3532-59ae01cadc54" testName="DisabilityDAOConstructorTest" computerName="SKIM" duration="00:00:00.0115163" startTime="2012-10-25T23:12:56.1725406+02:00" endTime="2012-10-25T23:12:56.2295439+02:00" testType="13cdc9d9-ddb5-4fa4-a97d-d965ccfc6d4b" outcome="Passed" testListId="8c84fa94-04c1-424b-9868-57a2d4851a1d" relativeResultsDirectory="dee4e5d7-608c-4507-9d65-97d1f4fe74b0">
    </UnitTestResult>
    <UnitTestResult executionId="9e13ee4d-8b6f-4e95-af08-8d210964aac9" testId="ae3ff0e8-bb64-5264-a976-22bbdc3e81aa" testName="ContactInfoDAOConstructorTest" computerName="SKIM" duration="00:00:00.0118961" startTime="2012-10-25T23:12:56.2305440+02:00" endTime="2012-10-25T23:12:56.2875472+02:00" testType="13cdc9d9-ddb5-4fa4-a97d-d965ccfc6d4b" outcome="Passed" testListId="8c84fa94-04c1-424b-9868-57a2d4851a1d" relativeResultsDirectory="9e13ee4d-8b6f-4e95-af08-8d210964aac9">
    </UnitTestResult>
    <UnitTestResult executionId="a1832ccc-358a-456c-b18e-6e7debf93612" testId="bf478dc6-3e8d-c2a8-0e8a-a118795f7c05" testName="SupportDocDAOConstructorTest" computerName="SKIM" duration="00:00:00.0121060" startTime="2012-10-25T23:12:56.2895473+02:00" endTime="2012-10-25T23:12:56.3485507+02:00" testType="13cdc9d9-ddb5-4fa4-a97d-d965ccfc6d4b" outcome="Passed" testListId="8c84fa94-04c1-424b-9868-57a2d4851a1d" relativeResultsDirectory="a1832ccc-358a-456c-b18e-6e7debf93612">
    </UnitTestResult>
    <UnitTestResult executionId="8241615a-6627-41ab-b68d-e0baf8f0fb19" testId="cb602bfc-b894-a16e-d44a-c73f8789a62e" testName="ApplicationDAOConstructorTest" computerName="SKIM" duration="00:00:00.0142509" startTime="2012-10-25T23:12:56.3505508+02:00" endTime="2012-10-25T23:12:56.4085541+02:00" testType="13cdc9d9-ddb5-4fa4-a97d-d965ccfc6d4b" outcome="Passed" testListId="8c84fa94-04c1-424b-9868-57a2d4851a1d" relativeResultsDirectory="8241615a-6627-41ab-b68d-e0baf8f0fb19">
    </UnitTestResult>
    <UnitTestResult executionId="695be81d-5eae-4c9d-8cdd-c11f3577f1b2" testId="d0654bd4-fcbb-1d9a-33ca-ef8fb270654f" testName="LanguageDAOConstructorTest" computerName="SKIM" duration="00:00:00.0110666" startTime="2012-10-25T23:12:56.4095542+02:00" endTime="2012-10-25T23:12:56.4655574+02:00" testType="13cdc9d9-ddb5-4fa4-a97d-d965ccfc6d4b" outcome="Passed" testListId="8c84fa94-04c1-424b-9868-57a2d4851a1d" relativeResultsDirectory="695be81d-5eae-4c9d-8cdd-c11f3577f1b2">
    </UnitTestResult>
    <UnitTestResult executionId="656dec7a-6dd8-4d57-8a75-b069c3229d01" testId="fc801932-ad80-9d42-ac0a-65f2da797308" testName="KeyWordDAOConstructorTest" computerName="SKIM" duration="00:00:00.0082793" startTime="2012-10-25T23:12:56.4665575+02:00" endTime="2012-10-25T23:12:56.5155603+02:00" testType="13cdc9d9-ddb5-4fa4-a97d-d965ccfc6d4b" outcome="Passed" testListId="8c84fa94-04c1-424b-9868-57a2d4851a1d" relativeResultsDirectory="656dec7a-6dd8-4d57-8a75-b069c3229d01">
    </UnitTestResult>
  </Results>
</TestRun>