<?xml version="1.0" encoding="UTF-8"?>
<TestRun id="47fa970b-4568-41ee-8b3a-ee3d6d53296c" name="griddy@SKIM 2012-10-25 22:57:52" runUser="skim\griddy" xmlns="http://microsoft.com/schemas/VisualStudio/TeamTest/2010">
  <TestSettings name="Local" id="754dac9d-a171-4ffd-bfcc-06084ea7a650">
    <Description>These are default test settings for a local test run.</Description>
    <Deployment enabled="false" runDeploymentRoot="griddy_SKIM 2012-10-25 22_57_52">
      <DeploymentItem filename="C:\Users\griddy\Documents\Visual Studio 2010\CareersProject\DAL\DAL\bin\DAL.dll" />
    </Deployment>
    <Execution>
      <TestTypeSpecific />
      <AgentRule name="Execution Agents">
      </AgentRule>
    </Execution>
  </TestSettings>
  <Times creation="2012-10-25T22:57:52.0068253+02:00" queuing="2012-10-25T22:57:52.0668288+02:00" start="2012-10-25T22:57:52.0718290+02:00" finish="2012-10-25T22:58:13.2720416+02:00" />
  <ResultSummary outcome="Completed">
    <Counters total="1" executed="1" passed="1" error="0" failed="0" timeout="0" aborted="0" inconclusive="0" passedButRunAborted="0" notRunnable="0" notExecuted="0" disconnected="0" warning="0" completed="0" inProgress="0" pending="0" />
  </ResultSummary>
  <TestDefinitions>
    <UnitTest name="BasicEduSubjectDAOConstructorTest" storage="c:\users\griddy\documents\visual studio 2010\careersproject\testcases\bin\debug\testcases.dll" id="4588a81a-7911-ae84-bb3a-a0204bac7bae">
      <Execution id="0429a869-cdb2-4d61-b957-5a8bfd5f2eee" />
      <TestMethod codeBase="C:/Users/griddy/Documents/Visual Studio 2010/CareersProject/TestCases/bin/Debug/TestCases.DLL" adapterTypeName="Microsoft.VisualStudio.TestTools.TestTypes.Unit.UnitTestAdapter, Microsoft.VisualStudio.QualityTools.Tips.UnitTest.Adapter, Version=10.0.0.0, Culture=neutral, PublicKeyToken=b03f5f7f11d50a3a" className="TestCases.BasicEduSubjectDAOTest, TestCases, Version=1.0.0.0, Culture=neutral, PublicKeyToken=null" name="BasicEduSubjectDAOConstructorTest" />
      <AspNet webSiteUrl="http://localhost:3534/">
        <Host pathToWebApp="%PathToWebRoot%\..\CareersProject\DAL\DAL" webAppRoot="/" />
      </AspNet>
    </UnitTest>
  </TestDefinitions>
  <TestLists>
    <TestList name="Results Not in a List" id="8c84fa94-04c1-424b-9868-57a2d4851a1d" />
    <TestList name="All Loaded Results" id="19431567-8539-422a-85d7-44ee4e166bda" />
  </TestLists>
  <TestEntries>
    <TestEntry testId="4588a81a-7911-ae84-bb3a-a0204bac7bae" executionId="0429a869-cdb2-4d61-b957-5a8bfd5f2eee" testListId="8c84fa94-04c1-424b-9868-57a2d4851a1d" />
  </TestEntries>
  <Results>
    <UnitTestResult executionId="0429a869-cdb2-4d61-b957-5a8bfd5f2eee" testId="4588a81a-7911-ae84-bb3a-a0204bac7bae" testName="BasicEduSubjectDAOConstructorTest" computerName="SKIM" duration="00:00:00.1618899" startTime="2012-10-25T22:57:52.0758293+02:00" endTime="2012-10-25T22:58:13.2270391+02:00" testType="13cdc9d9-ddb5-4fa4-a97d-d965ccfc6d4b" outcome="Passed" testListId="8c84fa94-04c1-424b-9868-57a2d4851a1d" relativeResultsDirectory="0429a869-cdb2-4d61-b957-5a8bfd5f2eee">
    </UnitTestResult>
  </Results>
</TestRun>