<?xml version="1.0" encoding="UTF-8"?>
<TestRun id="0a18a649-17f3-4040-8b2b-484c8e60bc39" name="griddy@SKIM 2012-10-05 20:55:40" runUser="skim\griddy" xmlns="http://microsoft.com/schemas/VisualStudio/TeamTest/2010">
  <TestSettings name="Local" id="bc4360a7-4d1e-404e-9bc3-72ad9fe5cb82">
    <Description>These are default test settings for a local test run.</Description>
    <Deployment enabled="false" runDeploymentRoot="griddy_SKIM 2012-10-05 20_55_40">
      <DeploymentItem filename="C:\careers\careers\bin\careers.dll" />
    </Deployment>
    <Execution>
      <TestTypeSpecific />
      <AgentRule name="Execution Agents">
      </AgentRule>
    </Execution>
  </TestSettings>
  <Times creation="2012-10-05T20:55:40.9915922+02:00" queuing="2012-10-05T20:55:41.0555958+02:00" start="2012-10-05T20:55:41.0605961+02:00" finish="2012-10-05T20:55:41.4516185+02:00" />
  <ResultSummary outcome="Completed">
    <Counters total="1" executed="1" passed="1" error="0" failed="0" timeout="0" aborted="0" inconclusive="0" passedButRunAborted="0" notRunnable="0" notExecuted="0" disconnected="0" warning="0" completed="0" inProgress="0" pending="0" />
  </ResultSummary>
  <TestDefinitions>
    <UnitTest name="LanguageDAO_Test" storage="c:\careers\testcases\bin\debug\testcases.dll" id="10c25204-7f47-f03b-6be6-860ab345e136">
      <Execution id="54bfcc97-d7ff-4c19-b4ce-b427b2d07a6b" />
      <TestMethod codeBase="C:/careers/TestCases/bin/Debug/TestCases.DLL" adapterTypeName="Microsoft.VisualStudio.TestTools.TestTypes.Unit.UnitTestAdapter, Microsoft.VisualStudio.QualityTools.Tips.UnitTest.Adapter, Version=10.0.0.0, Culture=neutral, PublicKeyToken=b03f5f7f11d50a3a" className="TestCases.LanguageDAOTest, TestCases, Version=1.0.0.0, Culture=neutral, PublicKeyToken=null" name="LanguageDAO_Test" />
      <AspNet webSiteUrl="http://localhost:12075/" />
    </UnitTest>
  </TestDefinitions>
  <TestLists>
    <TestList name="Results Not in a List" id="8c84fa94-04c1-424b-9868-57a2d4851a1d" />
    <TestList name="All Loaded Results" id="19431567-8539-422a-85d7-44ee4e166bda" />
  </TestLists>
  <TestEntries>
    <TestEntry testId="10c25204-7f47-f03b-6be6-860ab345e136" executionId="54bfcc97-d7ff-4c19-b4ce-b427b2d07a6b" testListId="8c84fa94-04c1-424b-9868-57a2d4851a1d" />
  </TestEntries>
  <Results>
    <UnitTestResult executionId="54bfcc97-d7ff-4c19-b4ce-b427b2d07a6b" testId="10c25204-7f47-f03b-6be6-860ab345e136" testName="LanguageDAO_Test" computerName="SKIM" duration="00:00:00.1107652" startTime="2012-10-05T20:55:41.0665964+02:00" endTime="2012-10-05T20:55:41.4336174+02:00" testType="13cdc9d9-ddb5-4fa4-a97d-d965ccfc6d4b" outcome="Passed" testListId="8c84fa94-04c1-424b-9868-57a2d4851a1d" relativeResultsDirectory="54bfcc97-d7ff-4c19-b4ce-b427b2d07a6b">
    </UnitTestResult>
  </Results>
</TestRun>