<?xml version="1.0" encoding="UTF-8"?>
<TestRun id="823c036c-2731-4ff8-8116-ae98046d625f" name="griddy@SKIM 2012-10-05 21:07:41" runUser="skim\griddy" xmlns="http://microsoft.com/schemas/VisualStudio/TeamTest/2010">
  <TestSettings name="Local" id="bc4360a7-4d1e-404e-9bc3-72ad9fe5cb82">
    <Description>These are default test settings for a local test run.</Description>
    <Deployment enabled="false" runDeploymentRoot="griddy_SKIM 2012-10-05 21_07_41">
      <DeploymentItem filename="C:\careers\careers\bin\careers.dll" />
    </Deployment>
    <Execution>
      <TestTypeSpecific />
      <AgentRule name="Execution Agents">
      </AgentRule>
    </Execution>
  </TestSettings>
  <Times creation="2012-10-05T21:07:41.4808018+02:00" queuing="2012-10-05T21:07:41.5468056+02:00" start="2012-10-05T21:07:41.5508058+02:00" finish="2012-10-05T21:07:53.0294623+02:00" />
  <ResultSummary outcome="Error">
    <Counters total="1" executed="1" error="1" failed="0" timeout="0" aborted="0" inconclusive="0" passedButRunAborted="0" notRunnable="0" notExecuted="0" disconnected="0" warning="0" passed="0" completed="0" inProgress="0" pending="0" />
  </ResultSummary>
  <TestDefinitions>
    <UnitTest name="VacancyDAO_Test" storage="c:\careers\testcases\bin\debug\testcases.dll" id="e4c7bff8-cda3-0397-d076-d8b91c7dd823">
      <Execution id="0dd7525a-911a-455e-9080-55a33ebd3204" />
      <TestMethod codeBase="C:/careers/TestCases/bin/Debug/TestCases.DLL" adapterTypeName="Microsoft.VisualStudio.TestTools.TestTypes.Unit.UnitTestAdapter, Microsoft.VisualStudio.QualityTools.Tips.UnitTest.Adapter, Version=10.0.0.0, Culture=neutral, PublicKeyToken=b03f5f7f11d50a3a" className="TestCases.VacancyDAOTest, TestCases, Version=1.0.0.0, Culture=neutral, PublicKeyToken=null" name="VacancyDAO_Test" />
      <AspNet webSiteUrl="http://localhost:12075/" />
    </UnitTest>
  </TestDefinitions>
  <TestLists>
    <TestList name="Results Not in a List" id="8c84fa94-04c1-424b-9868-57a2d4851a1d" />
    <TestList name="All Loaded Results" id="19431567-8539-422a-85d7-44ee4e166bda" />
  </TestLists>
  <TestEntries>
    <TestEntry testId="e4c7bff8-cda3-0397-d076-d8b91c7dd823" executionId="0dd7525a-911a-455e-9080-55a33ebd3204" testListId="8c84fa94-04c1-424b-9868-57a2d4851a1d" />
  </TestEntries>
  <Results>
    <UnitTestResult executionId="0dd7525a-911a-455e-9080-55a33ebd3204" testId="e4c7bff8-cda3-0397-d076-d8b91c7dd823" testName="VacancyDAO_Test" computerName="SKIM" startTime="2012-10-05T21:07:41.5528059+02:00" endTime="2012-10-05T21:07:53.0214619+02:00" testType="13cdc9d9-ddb5-4fa4-a97d-d965ccfc6d4b" testListId="8c84fa94-04c1-424b-9868-57a2d4851a1d" relativeResultsDirectory="0dd7525a-911a-455e-9080-55a33ebd3204">
      <Output>
        <ErrorInfo>
          <Message>The agent process was stopped while the test was running.</Message>
        </ErrorInfo>
      </Output>
    </UnitTestResult>
  </Results>
</TestRun>