<?xml version="1.0" encoding="UTF-8"?>
<TestRun id="06e2ddc5-6fa1-451a-a6ed-d5c4c6f85bf7" name="griddy@SKIM 2012-10-05 20:52:09" runUser="skim\griddy" xmlns="http://microsoft.com/schemas/VisualStudio/TeamTest/2010">
  <TestSettings name="Local" id="bc4360a7-4d1e-404e-9bc3-72ad9fe5cb82">
    <Description>These are default test settings for a local test run.</Description>
    <Deployment enabled="false" runDeploymentRoot="griddy_SKIM 2012-10-05 20_52_09">
      <DeploymentItem filename="C:\careers\careers\bin\careers.dll" />
    </Deployment>
    <Execution>
      <TestTypeSpecific />
      <AgentRule name="Execution Agents">
      </AgentRule>
    </Execution>
  </TestSettings>
  <Times creation="2012-10-05T20:52:09.2824831+02:00" queuing="2012-10-05T20:52:09.3454867+02:00" start="2012-10-05T20:52:09.3514870+02:00" finish="2012-10-05T20:52:09.6485040+02:00" />
  <ResultSummary outcome="Completed">
    <Counters total="1" executed="1" passed="1" error="0" failed="0" timeout="0" aborted="0" inconclusive="0" passedButRunAborted="0" notRunnable="0" notExecuted="0" disconnected="0" warning="0" completed="0" inProgress="0" pending="0" />
  </ResultSummary>
  <TestDefinitions>
    <UnitTest name="LanguageDAO_Test" storage="c:\careers\testcases\bin\debug\testcases.dll" id="10c25204-7f47-f03b-6be6-860ab345e136">
      <Execution id="bb589870-2b3d-45b0-b1e2-12aa26fe99fc" />
      <TestMethod codeBase="C:/careers/TestCases/bin/Debug/TestCases.DLL" adapterTypeName="Microsoft.VisualStudio.TestTools.TestTypes.Unit.UnitTestAdapter, Microsoft.VisualStudio.QualityTools.Tips.UnitTest.Adapter, Version=10.0.0.0, Culture=neutral, PublicKeyToken=b03f5f7f11d50a3a" className="TestCases.LanguageDAOTest, TestCases, Version=1.0.0.0, Culture=neutral, PublicKeyToken=null" name="LanguageDAO_Test" />
      <AspNet webSiteUrl="http://localhost:12075/">
        <Host pathToWebApp="C:\careers\careers" webAppRoot="/" />
      </AspNet>
    </UnitTest>
  </TestDefinitions>
  <TestLists>
    <TestList name="Results Not in a List" id="8c84fa94-04c1-424b-9868-57a2d4851a1d" />
    <TestList name="All Loaded Results" id="19431567-8539-422a-85d7-44ee4e166bda" />
  </TestLists>
  <TestEntries>
    <TestEntry testId="10c25204-7f47-f03b-6be6-860ab345e136" executionId="bb589870-2b3d-45b0-b1e2-12aa26fe99fc" testListId="8c84fa94-04c1-424b-9868-57a2d4851a1d" />
  </TestEntries>
  <Results>
    <UnitTestResult executionId="bb589870-2b3d-45b0-b1e2-12aa26fe99fc" testId="10c25204-7f47-f03b-6be6-860ab345e136" testName="LanguageDAO_Test" computerName="SKIM" duration="00:00:00.0729812" startTime="2012-10-05T20:52:09.3534871+02:00" endTime="2012-10-05T20:52:09.6425037+02:00" testType="13cdc9d9-ddb5-4fa4-a97d-d965ccfc6d4b" outcome="Passed" testListId="8c84fa94-04c1-424b-9868-57a2d4851a1d" relativeResultsDirectory="bb589870-2b3d-45b0-b1e2-12aa26fe99fc">
    </UnitTestResult>
  </Results>
</TestRun>